{"/home/karthik/cynapseTech/src/main/webapp/app/app.constants.ts": {"path":"/home/karthik/cynapseTech/src/main/webapp/app/app.constants.ts","statementMap":{"0":{"start":{"line":5,"column":13},"end":{"line":5,"column":43}},"1":{"start":{"line":6,"column":13},"end":{"line":6,"column":74}},"2":{"start":{"line":7,"column":13},"end":{"line":7,"column":63}},"3":{"start":{"line":8,"column":13},"end":{"line":8,"column":59}}},"fnMap":{},"branchMap":{"0":{"loc":{"start":{"line":7,"column":56},"end":{"line":7,"column":60}},"type":"cond-expr","locations":[{"start":{"line":7,"column":56},"end":{"line":7,"column":60}},{"start":{"line":7,"column":60},"end":{"line":7,"column":62}}]},"1":{"loc":{"start":{"line":7,"column":27},"end":{"line":7,"column":60}},"type":"binary-expr","locations":[{"start":{"line":7,"column":27},"end":{"line":7,"column":60}},{"start":{"line":7,"column":56},"end":{"line":7,"column":60}}]}},"s":{"0":1,"1":1,"2":1,"3":1},"f":{},"b":{"0":[0,1],"1":[1,1]}}
,"/home/karthik/cynapseTech/src/main/webapp/app/account/activate/activate.component.html": {"path":"/home/karthik/cynapseTech/src/main/webapp/app/account/activate/activate.component.html","statementMap":{"0":{"start":{"line":1,"column":0},"end":{"line":1,"column":739}}},"fnMap":{},"branchMap":{},"s":{"0":1},"f":{},"b":{},"inputSourceMap":null,"_coverageSchema":"1a1c01bbd47fc00a2c39e90264f33305004495a9","hash":"96ba95a4101d342996aa88c251eb48a8924dd7fe"}
,"/home/karthik/cynapseTech/src/main/webapp/app/account/activate/activate.component.ts": {"path":"/home/karthik/cynapseTech/src/main/webapp/app/account/activate/activate.component.ts","statementMap":{"0":{"start":{"line":1,"column":0},"end":{"line":1,"column":50}},"1":{"start":{"line":2,"column":0},"end":{"line":2,"column":49}},"2":{"start":{"line":3,"column":0},"end":{"line":3,"column":42}},"3":{"start":{"line":5,"column":0},"end":{"line":5,"column":53}},"4":{"start":{"line":11,"column":0},"end":{"line":23,"column":null}},"5":{"start":{"line":15,"column":22},"end":{"line":15,"column":39}},"6":{"start":{"line":15,"column":64},"end":{"line":15,"column":71}},"7":{"start":{"line":12,"column":2},"end":{"line":12,"column":16}},"8":{"start":{"line":13,"column":2},"end":{"line":13,"column":18}},"9":{"start":{"line":18,"column":4},"end":{"line":21,"column":6}},"10":{"start":{"line":18,"column":51},"end":{"line":18,"column":87}},"11":{"start":{"line":19,"column":13},"end":{"line":19,"column":32}},"12":{"start":{"line":20,"column":13},"end":{"line":20,"column":30}},"13":{"start":{"line":11,"column":13},"end":{"line":23,"column":null}},"14":{"start":{"line":11,"column":13},"end":{"line":11,"column":30}}},"fnMap":{"0":{"name":"(anonymous_0)","decl":{"start":{"line":15,"column":2},"end":{"line":15,"column":22}},"loc":{"start":{"line":15,"column":85},"end":{"line":15,"column":89}}},"1":{"name":"(anonymous_1)","decl":{"start":{"line":17,"column":2},"end":{"line":17,"column":10}},"loc":{"start":{"line":17,"column":10},"end":{"line":22,"column":3}}},"2":{"name":"(anonymous_2)","decl":{"start":{"line":18,"column":41},"end":{"line":18,"column":47}},"loc":{"start":{"line":18,"column":51},"end":{"line":18,"column":87}}},"3":{"name":"(anonymous_3)","decl":{"start":{"line":19,"column":6},"end":{"line":19,"column":9}},"loc":{"start":{"line":19,"column":13},"end":{"line":19,"column":32}}},"4":{"name":"(anonymous_4)","decl":{"start":{"line":20,"column":6},"end":{"line":20,"column":9}},"loc":{"start":{"line":20,"column":13},"end":{"line":20,"column":30}}}},"branchMap":{},"s":{"0":1,"1":1,"2":1,"3":1,"4":1,"5":3,"6":3,"7":3,"8":3,"9":3,"10":3,"11":1,"12":1,"13":1,"14":1},"f":{"0":3,"1":3,"2":3,"3":1,"4":1},"b":{}}
,"/home/karthik/cynapseTech/src/main/webapp/app/account/activate/activate.service.ts": {"path":"/home/karthik/cynapseTech/src/main/webapp/app/account/activate/activate.service.ts","statementMap":{"0":{"start":{"line":1,"column":0},"end":{"line":1,"column":43}},"1":{"start":{"line":2,"column":0},"end":{"line":2,"column":62}},"2":{"start":{"line":5,"column":0},"end":{"line":5,"column":86}},"3":{"start":{"line":8,"column":0},"end":{"line":16,"column":null}},"4":{"start":{"line":9,"column":22},"end":{"line":9,"column":28}},"5":{"start":{"line":9,"column":48},"end":{"line":9,"column":74}},"6":{"start":{"line":12,"column":4},"end":{"line":14,"column":7}},"7":{"start":{"line":8,"column":13},"end":{"line":16,"column":null}},"8":{"start":{"line":8,"column":13},"end":{"line":8,"column":28}}},"fnMap":{"0":{"name":"(anonymous_0)","decl":{"start":{"line":9,"column":2},"end":{"line":9,"column":22}},"loc":{"start":{"line":9,"column":98},"end":{"line":9,"column":102}}},"1":{"name":"(anonymous_1)","decl":{"start":{"line":11,"column":2},"end":{"line":11,"column":5}},"loc":{"start":{"line":11,"column":17},"end":{"line":15,"column":3}}}},"branchMap":{},"s":{"0":1,"1":1,"2":1,"3":1,"4":3,"5":3,"6":0,"7":1,"8":1},"f":{"0":3,"1":0},"b":{}}
,"/home/karthik/cynapseTech/src/main/webapp/app/account/password/password.component.html": {"path":"/home/karthik/cynapseTech/src/main/webapp/app/account/password/password.component.html","statementMap":{"0":{"start":{"line":1,"column":0},"end":{"line":1,"column":6101}}},"fnMap":{},"branchMap":{},"s":{"0":1},"f":{},"b":{},"inputSourceMap":null,"_coverageSchema":"1a1c01bbd47fc00a2c39e90264f33305004495a9","hash":"3e8c8451f47c6276d46a596d67bea7c1d79f8d0b"}
,"/home/karthik/cynapseTech/src/main/webapp/app/account/password/password.component.ts": {"path":"/home/karthik/cynapseTech/src/main/webapp/app/account/password/password.component.ts","statementMap":{"0":{"start":{"line":1,"column":0},"end":{"line":1,"column":50}},"1":{"start":{"line":2,"column":0},"end":{"line":2,"column":57}},"2":{"start":{"line":5,"column":0},"end":{"line":5,"column":63}},"3":{"start":{"line":7,"column":0},"end":{"line":7,"column":53}},"4":{"start":{"line":13,"column":0},"end":{"line":45,"column":null}},"5":{"start":{"line":24,"column":22},"end":{"line":24,"column":39}},"6":{"start":{"line":24,"column":64},"end":{"line":24,"column":80}},"7":{"start":{"line":24,"column":104},"end":{"line":24,"column":108}},"8":{"start":{"line":14,"column":2},"end":{"line":14,"column":21}},"9":{"start":{"line":15,"column":2},"end":{"line":15,"column":16}},"10":{"start":{"line":16,"column":2},"end":{"line":16,"column":18}},"11":{"start":{"line":18,"column":2},"end":{"line":22,"column":5}},"12":{"start":{"line":27,"column":4},"end":{"line":27,"column":51}},"13":{"start":{"line":31,"column":4},"end":{"line":31,"column":23}},"14":{"start":{"line":32,"column":4},"end":{"line":32,"column":25}},"15":{"start":{"line":33,"column":4},"end":{"line":33,"column":28}},"16":{"start":{"line":35,"column":24},"end":{"line":35,"column":69}},"17":{"start":{"line":36,"column":4},"end":{"line":43,"column":null}},"18":{"start":{"line":37,"column":6},"end":{"line":37,"column":29}},"19":{"start":{"line":39,"column":6},"end":{"line":42,"column":8}},"20":{"start":{"line":40,"column":15},"end":{"line":40,"column":34}},"21":{"start":{"line":41,"column":15},"end":{"line":41,"column":32}},"22":{"start":{"line":13,"column":13},"end":{"line":45,"column":null}},"23":{"start":{"line":13,"column":13},"end":{"line":13,"column":30}}},"fnMap":{"0":{"name":"(anonymous_0)","decl":{"start":{"line":24,"column":2},"end":{"line":24,"column":22}},"loc":{"start":{"line":24,"column":119},"end":{"line":24,"column":123}}},"1":{"name":"(anonymous_1)","decl":{"start":{"line":26,"column":2},"end":{"line":26,"column":10}},"loc":{"start":{"line":26,"column":10},"end":{"line":28,"column":3}}},"2":{"name":"(anonymous_2)","decl":{"start":{"line":30,"column":2},"end":{"line":30,"column":16}},"loc":{"start":{"line":30,"column":16},"end":{"line":44,"column":3}}},"3":{"name":"(anonymous_3)","decl":{"start":{"line":40,"column":8},"end":{"line":40,"column":11}},"loc":{"start":{"line":40,"column":15},"end":{"line":40,"column":34}}},"4":{"name":"(anonymous_4)","decl":{"start":{"line":41,"column":8},"end":{"line":41,"column":11}},"loc":{"start":{"line":41,"column":15},"end":{"line":41,"column":32}}}},"branchMap":{"0":{"loc":{"start":{"line":36,"column":4},"end":{"line":43,"column":null}},"type":"if","locations":[{"start":{"line":36,"column":4},"end":{"line":43,"column":null}},{"start":{"line":36,"column":4},"end":{"line":43,"column":null}}]}},"s":{"0":1,"1":1,"2":1,"3":1,"4":1,"5":4,"6":4,"7":4,"8":4,"9":4,"10":4,"11":4,"12":0,"13":4,"14":4,"15":4,"16":4,"17":4,"18":1,"19":3,"20":2,"21":1,"22":1,"23":1},"f":{"0":4,"1":0,"2":4,"3":2,"4":1},"b":{"0":[1,3]}}
,"/home/karthik/cynapseTech/src/main/webapp/app/account/password/password.service.ts": {"path":"/home/karthik/cynapseTech/src/main/webapp/app/account/password/password.service.ts","statementMap":{"0":{"start":{"line":1,"column":0},"end":{"line":1,"column":43}},"1":{"start":{"line":2,"column":0},"end":{"line":2,"column":50}},"2":{"start":{"line":5,"column":0},"end":{"line":5,"column":86}},"3":{"start":{"line":8,"column":0},"end":{"line":14,"column":null}},"4":{"start":{"line":9,"column":22},"end":{"line":9,"column":28}},"5":{"start":{"line":9,"column":48},"end":{"line":9,"column":74}},"6":{"start":{"line":12,"column":4},"end":{"line":12,"column":137}},"7":{"start":{"line":8,"column":13},"end":{"line":14,"column":null}},"8":{"start":{"line":8,"column":13},"end":{"line":8,"column":28}}},"fnMap":{"0":{"name":"(anonymous_0)","decl":{"start":{"line":9,"column":2},"end":{"line":9,"column":22}},"loc":{"start":{"line":9,"column":98},"end":{"line":9,"column":102}}},"1":{"name":"(anonymous_1)","decl":{"start":{"line":11,"column":2},"end":{"line":11,"column":6}},"loc":{"start":{"line":11,"column":51},"end":{"line":13,"column":3}}}},"branchMap":{},"s":{"0":1,"1":1,"2":1,"3":1,"4":4,"5":4,"6":0,"7":1,"8":1},"f":{"0":4,"1":0},"b":{}}
,"/home/karthik/cynapseTech/src/main/webapp/app/account/password-reset/finish/password-reset-finish.component.html": {"path":"/home/karthik/cynapseTech/src/main/webapp/app/account/password-reset/finish/password-reset-finish.component.html","statementMap":{"0":{"start":{"line":1,"column":0},"end":{"line":1,"column":5712}}},"fnMap":{},"branchMap":{},"s":{"0":1},"f":{},"b":{},"inputSourceMap":null,"_coverageSchema":"1a1c01bbd47fc00a2c39e90264f33305004495a9","hash":"521e3e0baf8f48defec68b2a1f459dcba1efb8c6"}
,"/home/karthik/cynapseTech/src/main/webapp/app/account/password-reset/finish/password-reset-finish.component.ts": {"path":"/home/karthik/cynapseTech/src/main/webapp/app/account/password-reset/finish/password-reset-finish.component.ts","statementMap":{"0":{"start":{"line":1,"column":0},"end":{"line":1,"column":88}},"1":{"start":{"line":2,"column":0},"end":{"line":2,"column":57}},"2":{"start":{"line":3,"column":0},"end":{"line":3,"column":49}},"3":{"start":{"line":5,"column":0},"end":{"line":5,"column":77}},"4":{"start":{"line":11,"column":0},"end":{"line":59,"column":null}},"5":{"start":{"line":26,"column":22},"end":{"line":26,"column":50}},"6":{"start":{"line":26,"column":86},"end":{"line":26,"column":93}},"7":{"start":{"line":26,"column":117},"end":{"line":26,"column":121}},"8":{"start":{"line":15,"column":2},"end":{"line":15,"column":22}},"9":{"start":{"line":16,"column":2},"end":{"line":16,"column":21}},"10":{"start":{"line":17,"column":2},"end":{"line":17,"column":16}},"11":{"start":{"line":18,"column":2},"end":{"line":18,"column":18}},"12":{"start":{"line":19,"column":2},"end":{"line":19,"column":11}},"13":{"start":{"line":21,"column":2},"end":{"line":24,"column":5}},"14":{"start":{"line":29,"column":4},"end":{"line":34,"column":7}},"15":{"start":{"line":30,"column":6},"end":{"line":32,"column":null}},"16":{"start":{"line":31,"column":8},"end":{"line":31,"column":33}},"17":{"start":{"line":33,"column":6},"end":{"line":33,"column":30}},"18":{"start":{"line":38,"column":4},"end":{"line":40,"column":null}},"19":{"start":{"line":39,"column":6},"end":{"line":39,"column":45}},"20":{"start":{"line":44,"column":4},"end":{"line":44,"column":28}},"21":{"start":{"line":45,"column":4},"end":{"line":45,"column":23}},"22":{"start":{"line":47,"column":24},"end":{"line":47,"column":69}},"23":{"start":{"line":48,"column":28},"end":{"line":48,"column":77}},"24":{"start":{"line":50,"column":4},"end":{"line":57,"column":null}},"25":{"start":{"line":51,"column":6},"end":{"line":51,"column":29}},"26":{"start":{"line":53,"column":6},"end":{"line":56,"column":8}},"27":{"start":{"line":54,"column":15},"end":{"line":54,"column":34}},"28":{"start":{"line":55,"column":15},"end":{"line":55,"column":32}},"29":{"start":{"line":13,"column":2},"end":{"line":13,"column":null}},"30":{"start":{"line":11,"column":13},"end":{"line":59,"column":null}},"31":{"start":{"line":11,"column":13},"end":{"line":11,"column":41}}},"fnMap":{"0":{"name":"(anonymous_0)","decl":{"start":{"line":26,"column":2},"end":{"line":26,"column":22}},"loc":{"start":{"line":26,"column":132},"end":{"line":26,"column":136}}},"1":{"name":"(anonymous_1)","decl":{"start":{"line":28,"column":2},"end":{"line":28,"column":10}},"loc":{"start":{"line":28,"column":10},"end":{"line":35,"column":3}}},"2":{"name":"(anonymous_2)","decl":{"start":{"line":29,"column":37},"end":{"line":29,"column":43}},"loc":{"start":{"line":29,"column":46},"end":{"line":34,"column":5}}},"3":{"name":"(anonymous_3)","decl":{"start":{"line":37,"column":2},"end":{"line":37,"column":17}},"loc":{"start":{"line":37,"column":17},"end":{"line":41,"column":3}}},"4":{"name":"(anonymous_4)","decl":{"start":{"line":43,"column":2},"end":{"line":43,"column":13}},"loc":{"start":{"line":43,"column":13},"end":{"line":58,"column":3}}},"5":{"name":"(anonymous_5)","decl":{"start":{"line":54,"column":8},"end":{"line":54,"column":11}},"loc":{"start":{"line":54,"column":15},"end":{"line":54,"column":34}}},"6":{"name":"(anonymous_6)","decl":{"start":{"line":55,"column":8},"end":{"line":55,"column":11}},"loc":{"start":{"line":55,"column":15},"end":{"line":55,"column":32}}}},"branchMap":{"0":{"loc":{"start":{"line":30,"column":6},"end":{"line":32,"column":null}},"type":"if","locations":[{"start":{"line":30,"column":6},"end":{"line":32,"column":null}},{"start":{"line":30,"column":6},"end":{"line":32,"column":null}}]},"1":{"loc":{"start":{"line":38,"column":4},"end":{"line":40,"column":null}},"type":"if","locations":[{"start":{"line":38,"column":4},"end":{"line":40,"column":null}},{"start":{"line":38,"column":4},"end":{"line":40,"column":null}}]},"2":{"loc":{"start":{"line":50,"column":4},"end":{"line":57,"column":null}},"type":"if","locations":[{"start":{"line":50,"column":4},"end":{"line":57,"column":null}},{"start":{"line":50,"column":4},"end":{"line":57,"column":null}}]}},"s":{"0":1,"1":1,"2":1,"3":1,"4":1,"5":10,"6":10,"7":10,"8":10,"9":10,"10":10,"11":10,"12":10,"13":10,"14":5,"15":5,"16":5,"17":5,"18":1,"19":1,"20":3,"21":3,"22":3,"23":3,"24":3,"25":1,"26":2,"27":1,"28":1,"29":1,"30":1,"31":1},"f":{"0":10,"1":5,"2":5,"3":1,"4":3,"5":1,"6":1},"b":{"0":[5,0],"1":[1,0],"2":[1,2]}}
,"/home/karthik/cynapseTech/src/main/webapp/app/account/password-reset/finish/password-reset-finish.service.ts": {"path":"/home/karthik/cynapseTech/src/main/webapp/app/account/password-reset/finish/password-reset-finish.service.ts","statementMap":{"0":{"start":{"line":1,"column":0},"end":{"line":1,"column":43}},"1":{"start":{"line":2,"column":0},"end":{"line":2,"column":50}},"2":{"start":{"line":5,"column":0},"end":{"line":5,"column":86}},"3":{"start":{"line":8,"column":0},"end":{"line":14,"column":null}},"4":{"start":{"line":9,"column":22},"end":{"line":9,"column":28}},"5":{"start":{"line":9,"column":48},"end":{"line":9,"column":74}},"6":{"start":{"line":12,"column":4},"end":{"line":12,"column":131}},"7":{"start":{"line":8,"column":13},"end":{"line":14,"column":null}},"8":{"start":{"line":8,"column":13},"end":{"line":8,"column":39}}},"fnMap":{"0":{"name":"(anonymous_0)","decl":{"start":{"line":9,"column":2},"end":{"line":9,"column":22}},"loc":{"start":{"line":9,"column":98},"end":{"line":9,"column":102}}},"1":{"name":"(anonymous_1)","decl":{"start":{"line":11,"column":2},"end":{"line":11,"column":6}},"loc":{"start":{"line":11,"column":39},"end":{"line":13,"column":3}}}},"branchMap":{},"s":{"0":1,"1":1,"2":1,"3":1,"4":5,"5":5,"6":0,"7":1,"8":1},"f":{"0":5,"1":0},"b":{}}
,"/home/karthik/cynapseTech/src/main/webapp/app/account/password-reset/init/password-reset-init.component.html": {"path":"/home/karthik/cynapseTech/src/main/webapp/app/account/password-reset/init/password-reset-init.component.html","statementMap":{"0":{"start":{"line":1,"column":0},"end":{"line":1,"column":2988}}},"fnMap":{},"branchMap":{},"s":{"0":1},"f":{},"b":{},"inputSourceMap":null,"_coverageSchema":"1a1c01bbd47fc00a2c39e90264f33305004495a9","hash":"934abd8eea4a2a2d3d2ed65d35b23b6039a53b3f"}
,"/home/karthik/cynapseTech/src/main/webapp/app/account/password-reset/init/password-reset-init.component.ts": {"path":"/home/karthik/cynapseTech/src/main/webapp/app/account/password-reset/init/password-reset-init.component.ts","statementMap":{"0":{"start":{"line":1,"column":0},"end":{"line":1,"column":80}},"1":{"start":{"line":2,"column":0},"end":{"line":2,"column":57}},"2":{"start":{"line":4,"column":0},"end":{"line":4,"column":73}},"3":{"start":{"line":10,"column":0},"end":{"line":30,"column":null}},"4":{"start":{"line":19,"column":22},"end":{"line":19,"column":48}},"5":{"start":{"line":19,"column":82},"end":{"line":19,"column":86}},"6":{"start":{"line":14,"column":2},"end":{"line":14,"column":18}},"7":{"start":{"line":15,"column":2},"end":{"line":17,"column":5}},"8":{"start":{"line":22,"column":4},"end":{"line":24,"column":null}},"9":{"start":{"line":23,"column":6},"end":{"line":23,"column":39}},"10":{"start":{"line":28,"column":4},"end":{"line":28,"column":123}},"11":{"start":{"line":28,"column":101},"end":{"line":28,"column":120}},"12":{"start":{"line":12,"column":2},"end":{"line":12,"column":null}},"13":{"start":{"line":10,"column":13},"end":{"line":30,"column":null}},"14":{"start":{"line":10,"column":13},"end":{"line":10,"column":39}}},"fnMap":{"0":{"name":"(anonymous_0)","decl":{"start":{"line":19,"column":2},"end":{"line":19,"column":22}},"loc":{"start":{"line":19,"column":97},"end":{"line":19,"column":101}}},"1":{"name":"(anonymous_1)","decl":{"start":{"line":21,"column":2},"end":{"line":21,"column":17}},"loc":{"start":{"line":21,"column":17},"end":{"line":25,"column":3}}},"2":{"name":"(anonymous_2)","decl":{"start":{"line":27,"column":2},"end":{"line":27,"column":14}},"loc":{"start":{"line":27,"column":14},"end":{"line":29,"column":3}}},"3":{"name":"(anonymous_3)","decl":{"start":{"line":28,"column":94},"end":{"line":28,"column":97}},"loc":{"start":{"line":28,"column":101},"end":{"line":28,"column":120}}}},"branchMap":{"0":{"loc":{"start":{"line":22,"column":4},"end":{"line":24,"column":null}},"type":"if","locations":[{"start":{"line":22,"column":4},"end":{"line":24,"column":null}},{"start":{"line":22,"column":4},"end":{"line":24,"column":null}}]}},"s":{"0":1,"1":1,"2":1,"3":1,"4":3,"5":3,"6":3,"7":3,"8":1,"9":1,"10":2,"11":1,"12":1,"13":1,"14":1},"f":{"0":3,"1":1,"2":2,"3":1},"b":{"0":[1,0]}}
,"/home/karthik/cynapseTech/src/main/webapp/app/account/password-reset/init/password-reset-init.service.ts": {"path":"/home/karthik/cynapseTech/src/main/webapp/app/account/password-reset/init/password-reset-init.service.ts","statementMap":{"0":{"start":{"line":1,"column":0},"end":{"line":1,"column":43}},"1":{"start":{"line":2,"column":0},"end":{"line":2,"column":50}},"2":{"start":{"line":5,"column":0},"end":{"line":5,"column":86}},"3":{"start":{"line":8,"column":0},"end":{"line":14,"column":null}},"4":{"start":{"line":9,"column":22},"end":{"line":9,"column":28}},"5":{"start":{"line":9,"column":48},"end":{"line":9,"column":74}},"6":{"start":{"line":12,"column":4},"end":{"line":12,"column":113}},"7":{"start":{"line":8,"column":13},"end":{"line":14,"column":null}},"8":{"start":{"line":8,"column":13},"end":{"line":8,"column":37}}},"fnMap":{"0":{"name":"(anonymous_0)","decl":{"start":{"line":9,"column":2},"end":{"line":9,"column":22}},"loc":{"start":{"line":9,"column":98},"end":{"line":9,"column":102}}},"1":{"name":"(anonymous_1)","decl":{"start":{"line":11,"column":2},"end":{"line":11,"column":6}},"loc":{"start":{"line":11,"column":19},"end":{"line":13,"column":3}}}},"branchMap":{},"s":{"0":1,"1":1,"2":1,"3":1,"4":3,"5":3,"6":0,"7":1,"8":1},"f":{"0":3,"1":0},"b":{}}
,"/home/karthik/cynapseTech/src/main/webapp/app/account/password/password-strength-bar/password-strength-bar.component.html": {"path":"/home/karthik/cynapseTech/src/main/webapp/app/account/password/password-strength-bar/password-strength-bar.component.html","statementMap":{"0":{"start":{"line":1,"column":0},"end":{"line":1,"column":339}}},"fnMap":{},"branchMap":{},"s":{"0":1},"f":{},"b":{},"inputSourceMap":null,"_coverageSchema":"1a1c01bbd47fc00a2c39e90264f33305004495a9","hash":"36c77ed068726ee9f1197b2c6f0397d66051b678"}
,"/home/karthik/cynapseTech/src/main/webapp/app/account/password/password-strength-bar/password-strength-bar.component.ts": {"path":"/home/karthik/cynapseTech/src/main/webapp/app/account/password/password-strength-bar/password-strength-bar.component.ts","statementMap":{"0":{"start":{"line":1,"column":0},"end":{"line":1,"column":72}},"1":{"start":{"line":8,"column":0},"end":{"line":72,"column":null}},"2":{"start":{"line":11,"column":22},"end":{"line":11,"column":32}},"3":{"start":{"line":11,"column":51},"end":{"line":11,"column":63}},"4":{"start":{"line":9,"column":2},"end":{"line":9,"column":52}},"5":{"start":{"line":14,"column":16},"end":{"line":14,"column":17}},"6":{"start":{"line":15,"column":18},"end":{"line":15,"column":40}},"7":{"start":{"line":16,"column":25},"end":{"line":16,"column":41}},"8":{"start":{"line":17,"column":25},"end":{"line":17,"column":41}},"9":{"start":{"line":18,"column":20},"end":{"line":18,"column":36}},"10":{"start":{"line":19,"column":20},"end":{"line":19,"column":33}},"11":{"start":{"line":21,"column":18},"end":{"line":21,"column":64}},"12":{"start":{"line":22,"column":26},"end":{"line":22,"column":97}},"13":{"start":{"line":22,"column":67},"end":{"line":22,"column":89}},"14":{"start":{"line":24,"column":4},"end":{"line":24,"column":53}},"15":{"start":{"line":25,"column":4},"end":{"line":25,"column":32}},"16":{"start":{"line":28,"column":4},"end":{"line":28,"column":56}},"17":{"start":{"line":31,"column":4},"end":{"line":31,"column":62}},"18":{"start":{"line":32,"column":4},"end":{"line":32,"column":62}},"19":{"start":{"line":33,"column":4},"end":{"line":33,"column":62}},"20":{"start":{"line":35,"column":4},"end":{"line":35,"column":17}},"21":{"start":{"line":39,"column":14},"end":{"line":39,"column":15}},"22":{"start":{"line":40,"column":4},"end":{"line":50,"column":null}},"23":{"start":{"line":41,"column":6},"end":{"line":49,"column":null}},"24":{"start":{"line":42,"column":8},"end":{"line":42,"column":16}},"25":{"start":{"line":43,"column":13},"end":{"line":49,"column":null}},"26":{"start":{"line":44,"column":8},"end":{"line":44,"column":16}},"27":{"start":{"line":45,"column":13},"end":{"line":49,"column":null}},"28":{"start":{"line":46,"column":8},"end":{"line":46,"column":16}},"29":{"start":{"line":48,"column":8},"end":{"line":48,"column":16}},"30":{"start":{"line":51,"column":4},"end":{"line":51,"column":53}},"31":{"start":{"line":56,"column":4},"end":{"line":70,"column":null}},"32":{"start":{"line":57,"column":16},"end":{"line":57,"column":61}},"33":{"start":{"line":58,"column":22},"end":{"line":58,"column":51}},"34":{"start":{"line":59,"column":6},"end":{"line":61,"column":null}},"35":{"start":{"line":60,"column":8},"end":{"line":60,"column":62}},"36":{"start":{"line":62,"column":18},"end":{"line":62,"column":52}},"37":{"start":{"line":63,"column":6},"end":{"line":69,"column":null}},"38":{"start":{"line":63,"column":19},"end":{"line":63,"column":20}},"39":{"start":{"line":64,"column":8},"end":{"line":68,"column":null}},"40":{"start":{"line":65,"column":10},"end":{"line":65,"column":69}},"41":{"start":{"line":67,"column":10},"end":{"line":67,"column":68}},"42":{"start":{"line":55,"column":2},"end":{"line":71,"column":null}},"43":{"start":{"line":8,"column":13},"end":{"line":72,"column":null}},"44":{"start":{"line":8,"column":13},"end":{"line":8,"column":41}}},"fnMap":{"0":{"name":"(anonymous_0)","decl":{"start":{"line":11,"column":2},"end":{"line":11,"column":22}},"loc":{"start":{"line":11,"column":73},"end":{"line":11,"column":77}}},"1":{"name":"(anonymous_1)","decl":{"start":{"line":13,"column":2},"end":{"line":13,"column":17}},"loc":{"start":{"line":13,"column":27},"end":{"line":36,"column":3}}},"2":{"name":"(anonymous_2)","decl":{"start":{"line":22,"column":39},"end":{"line":22,"column":40}},"loc":{"start":{"line":22,"column":67},"end":{"line":22,"column":89}}},"3":{"name":"(anonymous_3)","decl":{"start":{"line":38,"column":2},"end":{"line":38,"column":10}},"loc":{"start":{"line":38,"column":20},"end":{"line":52,"column":3}}},"4":{"name":"(anonymous_4)","decl":{"start":{"line":55,"column":2},"end":{"line":55,"column":6}},"loc":{"start":{"line":55,"column":38},"end":{"line":71,"column":3}}}},"branchMap":{"0":{"loc":{"start":{"line":24,"column":46},"end":{"line":24,"column":47}},"type":"cond-expr","locations":[{"start":{"line":24,"column":46},"end":{"line":24,"column":47}},{"start":{"line":24,"column":50},"end":{"line":24,"column":51}}]},"1":{"loc":{"start":{"line":28,"column":28},"end":{"line":28,"column":47}},"type":"cond-expr","locations":[{"start":{"line":28,"column":28},"end":{"line":28,"column":47}},{"start":{"line":28,"column":50},"end":{"line":28,"column":55}}]},"2":{"loc":{"start":{"line":31,"column":34},"end":{"line":31,"column":53}},"type":"cond-expr","locations":[{"start":{"line":31,"column":34},"end":{"line":31,"column":53}},{"start":{"line":31,"column":56},"end":{"line":31,"column":61}}]},"3":{"loc":{"start":{"line":32,"column":34},"end":{"line":32,"column":53}},"type":"cond-expr","locations":[{"start":{"line":32,"column":34},"end":{"line":32,"column":53}},{"start":{"line":32,"column":56},"end":{"line":32,"column":61}}]},"4":{"loc":{"start":{"line":33,"column":34},"end":{"line":33,"column":53}},"type":"cond-expr","locations":[{"start":{"line":33,"column":34},"end":{"line":33,"column":53}},{"start":{"line":33,"column":56},"end":{"line":33,"column":61}}]},"5":{"loc":{"start":{"line":40,"column":4},"end":{"line":50,"column":null}},"type":"if","locations":[{"start":{"line":40,"column":4},"end":{"line":50,"column":null}},{"start":{"line":40,"column":4},"end":{"line":50,"column":null}}]},"6":{"loc":{"start":{"line":41,"column":6},"end":{"line":49,"column":null}},"type":"if","locations":[{"start":{"line":41,"column":6},"end":{"line":49,"column":null}},{"start":{"line":41,"column":6},"end":{"line":49,"column":null}}]},"7":{"loc":{"start":{"line":43,"column":13},"end":{"line":49,"column":null}},"type":"if","locations":[{"start":{"line":43,"column":13},"end":{"line":49,"column":null}},{"start":{"line":43,"column":13},"end":{"line":49,"column":null}}]},"8":{"loc":{"start":{"line":45,"column":13},"end":{"line":49,"column":null}},"type":"if","locations":[{"start":{"line":45,"column":13},"end":{"line":49,"column":null}},{"start":{"line":45,"column":13},"end":{"line":49,"column":null}}]},"9":{"loc":{"start":{"line":56,"column":4},"end":{"line":70,"column":null}},"type":"if","locations":[{"start":{"line":56,"column":4},"end":{"line":70,"column":null}},{"start":{"line":56,"column":4},"end":{"line":70,"column":null}}]},"10":{"loc":{"start":{"line":59,"column":6},"end":{"line":61,"column":null}},"type":"if","locations":[{"start":{"line":59,"column":6},"end":{"line":61,"column":null}},{"start":{"line":59,"column":6},"end":{"line":61,"column":null}}]},"11":{"loc":{"start":{"line":64,"column":8},"end":{"line":68,"column":null}},"type":"if","locations":[{"start":{"line":64,"column":8},"end":{"line":68,"column":null}},{"start":{"line":64,"column":8},"end":{"line":68,"column":null}}]}},"s":{"0":1,"1":1,"2":3,"3":3,"4":3,"5":10,"6":10,"7":10,"8":10,"9":10,"10":10,"11":10,"12":10,"13":40,"14":10,"15":10,"16":10,"17":10,"18":10,"19":10,"20":10,"21":7,"22":7,"23":4,"24":1,"25":3,"26":1,"27":2,"28":1,"29":1,"30":7,"31":0,"32":0,"33":0,"34":0,"35":0,"36":0,"37":0,"38":0,"39":0,"40":0,"41":0,"42":1,"43":1,"44":1},"f":{"0":3,"1":10,"2":40,"3":7,"4":0},"b":{"0":[1,9],"1":[7,3],"2":[2,8],"3":[0,10],"4":[2,8],"5":[4,3],"6":[1,3],"7":[1,2],"8":[1,1],"9":[0,0],"10":[0,0],"11":[0,0]}}
,"/home/karthik/cynapseTech/src/main/webapp/app/account/register/register.component.html": {"path":"/home/karthik/cynapseTech/src/main/webapp/app/account/register/register.component.html","statementMap":{"0":{"start":{"line":1,"column":0},"end":{"line":1,"column":9638}}},"fnMap":{},"branchMap":{},"s":{"0":1},"f":{},"b":{},"inputSourceMap":null,"_coverageSchema":"1a1c01bbd47fc00a2c39e90264f33305004495a9","hash":"70ac9ee2ff26894b11819a98fc7663212c541da6"}
,"/home/karthik/cynapseTech/src/main/webapp/app/account/register/register.component.ts": {"path":"/home/karthik/cynapseTech/src/main/webapp/app/account/register/register.component.ts","statementMap":{"0":{"start":{"line":1,"column":0},"end":{"line":1,"column":80}},"1":{"start":{"line":3,"column":0},"end":{"line":3,"column":57}},"2":{"start":{"line":4,"column":0},"end":{"line":4,"column":55}},"3":{"start":{"line":6,"column":0},"end":{"line":6,"column":94}},"4":{"start":{"line":7,"column":0},"end":{"line":7,"column":53}},"5":{"start":{"line":13,"column":0},"end":{"line":74,"column":null}},"6":{"start":{"line":38,"column":22},"end":{"line":38,"column":40}},"7":{"start":{"line":38,"column":66},"end":{"line":38,"column":83}},"8":{"start":{"line":38,"column":108},"end":{"line":38,"column":112}},"9":{"start":{"line":17,"column":2},"end":{"line":17,"column":21}},"10":{"start":{"line":18,"column":2},"end":{"line":18,"column":16}},"11":{"start":{"line":19,"column":2},"end":{"line":19,"column":27}},"12":{"start":{"line":20,"column":2},"end":{"line":20,"column":26}},"13":{"start":{"line":21,"column":2},"end":{"line":21,"column":18}},"14":{"start":{"line":23,"column":2},"end":{"line":36,"column":5}},"15":{"start":{"line":41,"column":4},"end":{"line":43,"column":null}},"16":{"start":{"line":42,"column":6},"end":{"line":42,"column":39}},"17":{"start":{"line":47,"column":4},"end":{"line":47,"column":28}},"18":{"start":{"line":48,"column":4},"end":{"line":48,"column":23}},"19":{"start":{"line":49,"column":4},"end":{"line":49,"column":34}},"20":{"start":{"line":50,"column":4},"end":{"line":50,"column":33}},"21":{"start":{"line":52,"column":21},"end":{"line":52,"column":63}},"22":{"start":{"line":53,"column":4},"end":{"line":62,"column":null}},"23":{"start":{"line":54,"column":6},"end":{"line":54,"column":29}},"24":{"start":{"line":56,"column":20},"end":{"line":56,"column":59}},"25":{"start":{"line":57,"column":20},"end":{"line":57,"column":59}},"26":{"start":{"line":58,"column":6},"end":{"line":61,"column":8}},"27":{"start":{"line":59,"column":15},"end":{"line":59,"column":34}},"28":{"start":{"line":60,"column":20},"end":{"line":60,"column":47}},"29":{"start":{"line":66,"column":4},"end":{"line":72,"column":null}},"30":{"start":{"line":67,"column":6},"end":{"line":67,"column":34}},"31":{"start":{"line":68,"column":11},"end":{"line":72,"column":null}},"32":{"start":{"line":69,"column":6},"end":{"line":69,"column":35}},"33":{"start":{"line":71,"column":6},"end":{"line":71,"column":24}},"34":{"start":{"line":15,"column":2},"end":{"line":15,"column":null}},"35":{"start":{"line":13,"column":13},"end":{"line":74,"column":null}},"36":{"start":{"line":13,"column":13},"end":{"line":13,"column":30}}},"fnMap":{"0":{"name":"(anonymous_0)","decl":{"start":{"line":38,"column":2},"end":{"line":38,"column":22}},"loc":{"start":{"line":38,"column":123},"end":{"line":38,"column":127}}},"1":{"name":"(anonymous_1)","decl":{"start":{"line":40,"column":2},"end":{"line":40,"column":17}},"loc":{"start":{"line":40,"column":17},"end":{"line":44,"column":3}}},"2":{"name":"(anonymous_2)","decl":{"start":{"line":46,"column":2},"end":{"line":46,"column":10}},"loc":{"start":{"line":46,"column":10},"end":{"line":63,"column":3}}},"3":{"name":"(anonymous_3)","decl":{"start":{"line":59,"column":8},"end":{"line":59,"column":11}},"loc":{"start":{"line":59,"column":15},"end":{"line":59,"column":34}}},"4":{"name":"(anonymous_4)","decl":{"start":{"line":60,"column":8},"end":{"line":60,"column":16}},"loc":{"start":{"line":60,"column":20},"end":{"line":60,"column":47}}},"5":{"name":"(anonymous_5)","decl":{"start":{"line":65,"column":10},"end":{"line":65,"column":22}},"loc":{"start":{"line":65,"column":50},"end":{"line":73,"column":3}}}},"branchMap":{"0":{"loc":{"start":{"line":41,"column":4},"end":{"line":43,"column":null}},"type":"if","locations":[{"start":{"line":41,"column":4},"end":{"line":43,"column":null}},{"start":{"line":41,"column":4},"end":{"line":43,"column":null}}]},"1":{"loc":{"start":{"line":53,"column":4},"end":{"line":62,"column":null}},"type":"if","locations":[{"start":{"line":53,"column":4},"end":{"line":62,"column":null}},{"start":{"line":53,"column":4},"end":{"line":62,"column":null}}]},"2":{"loc":{"start":{"line":66,"column":4},"end":{"line":72,"column":null}},"type":"if","locations":[{"start":{"line":66,"column":4},"end":{"line":72,"column":null}},{"start":{"line":66,"column":4},"end":{"line":72,"column":null}}]},"3":{"loc":{"start":{"line":66,"column":8},"end":{"line":66,"column":31}},"type":"binary-expr","locations":[{"start":{"line":66,"column":8},"end":{"line":66,"column":31}},{"start":{"line":66,"column":35},"end":{"line":66,"column":82}}]},"4":{"loc":{"start":{"line":68,"column":11},"end":{"line":72,"column":null}},"type":"if","locations":[{"start":{"line":68,"column":11},"end":{"line":72,"column":null}},{"start":{"line":68,"column":11},"end":{"line":72,"column":null}}]},"5":{"loc":{"start":{"line":68,"column":15},"end":{"line":68,"column":38}},"type":"binary-expr","locations":[{"start":{"line":68,"column":15},"end":{"line":68,"column":38}},{"start":{"line":68,"column":42},"end":{"line":68,"column":89}}]}},"s":{"0":1,"1":1,"2":1,"3":1,"4":1,"5":1,"6":5,"7":5,"8":5,"9":5,"10":5,"11":5,"12":5,"13":5,"14":5,"15":0,"16":0,"17":5,"18":5,"19":5,"20":5,"21":5,"22":5,"23":1,"24":4,"25":4,"26":4,"27":1,"28":3,"29":3,"30":1,"31":2,"32":1,"33":1,"34":1,"35":1,"36":1},"f":{"0":5,"1":0,"2":5,"3":1,"4":3,"5":3},"b":{"0":[0,0],"1":[1,4],"2":[1,2],"3":[3,2],"4":[1,1],"5":[2,1]}}
,"/home/karthik/cynapseTech/src/main/webapp/app/account/register/register.service.ts": {"path":"/home/karthik/cynapseTech/src/main/webapp/app/account/register/register.service.ts","statementMap":{"0":{"start":{"line":1,"column":0},"end":{"line":1,"column":43}},"1":{"start":{"line":2,"column":0},"end":{"line":2,"column":50}},"2":{"start":{"line":5,"column":0},"end":{"line":5,"column":86}},"3":{"start":{"line":9,"column":0},"end":{"line":15,"column":null}},"4":{"start":{"line":10,"column":22},"end":{"line":10,"column":28}},"5":{"start":{"line":10,"column":48},"end":{"line":10,"column":74}},"6":{"start":{"line":13,"column":4},"end":{"line":13,"column":102}},"7":{"start":{"line":9,"column":13},"end":{"line":15,"column":null}},"8":{"start":{"line":9,"column":13},"end":{"line":9,"column":28}}},"fnMap":{"0":{"name":"(anonymous_0)","decl":{"start":{"line":10,"column":2},"end":{"line":10,"column":22}},"loc":{"start":{"line":10,"column":98},"end":{"line":10,"column":102}}},"1":{"name":"(anonymous_1)","decl":{"start":{"line":12,"column":2},"end":{"line":12,"column":6}},"loc":{"start":{"line":12,"column":33},"end":{"line":14,"column":3}}}},"branchMap":{},"s":{"0":1,"1":1,"2":1,"3":1,"4":5,"5":5,"6":0,"7":1,"8":1},"f":{"0":5,"1":0},"b":{}}
,"/home/karthik/cynapseTech/src/main/webapp/app/account/settings/settings.component.html": {"path":"/home/karthik/cynapseTech/src/main/webapp/app/account/settings/settings.component.html","statementMap":{"0":{"start":{"line":1,"column":0},"end":{"line":1,"column":6519}}},"fnMap":{},"branchMap":{},"s":{"0":1},"f":{},"b":{},"inputSourceMap":null,"_coverageSchema":"1a1c01bbd47fc00a2c39e90264f33305004495a9","hash":"25418d81041bb08e90b776fc4f029354da1e5e59"}
,"/home/karthik/cynapseTech/src/main/webapp/app/account/settings/settings.component.ts": {"path":"/home/karthik/cynapseTech/src/main/webapp/app/account/settings/settings.component.ts","statementMap":{"0":{"start":{"line":1,"column":0},"end":{"line":1,"column":50}},"1":{"start":{"line":2,"column":0},"end":{"line":2,"column":57}},"2":{"start":{"line":3,"column":0},"end":{"line":3,"column":55}},"3":{"start":{"line":5,"column":0},"end":{"line":5,"column":63}},"4":{"start":{"line":7,"column":0},"end":{"line":7,"column":58}},"5":{"start":{"line":13,"column":0},"end":{"line":59,"column":null}},"6":{"start":{"line":24,"column":22},"end":{"line":24,"column":38}},"7":{"start":{"line":24,"column":62},"end":{"line":24,"column":66}},"8":{"start":{"line":24,"column":87},"end":{"line":24,"column":105}},"9":{"start":{"line":15,"column":2},"end":{"line":15,"column":18}},"10":{"start":{"line":16,"column":2},"end":{"line":16,"column":24}},"11":{"start":{"line":17,"column":2},"end":{"line":22,"column":5}},"12":{"start":{"line":27,"column":4},"end":{"line":38,"column":7}},"13":{"start":{"line":28,"column":6},"end":{"line":37,"column":null}},"14":{"start":{"line":29,"column":8},"end":{"line":34,"column":11}},"15":{"start":{"line":36,"column":8},"end":{"line":36,"column":31}},"16":{"start":{"line":42,"column":4},"end":{"line":42,"column":25}},"17":{"start":{"line":44,"column":4},"end":{"line":44,"column":71}},"18":{"start":{"line":45,"column":4},"end":{"line":45,"column":69}},"19":{"start":{"line":46,"column":4},"end":{"line":46,"column":63}},"20":{"start":{"line":47,"column":4},"end":{"line":47,"column":67}},"21":{"start":{"line":49,"column":4},"end":{"line":57,"column":7}},"22":{"start":{"line":50,"column":6},"end":{"line":50,"column":26}},"23":{"start":{"line":52,"column":6},"end":{"line":52,"column":53}},"24":{"start":{"line":54,"column":6},"end":{"line":56,"column":null}},"25":{"start":{"line":55,"column":8},"end":{"line":55,"column":56}},"26":{"start":{"line":13,"column":13},"end":{"line":59,"column":null}},"27":{"start":{"line":13,"column":13},"end":{"line":13,"column":30}}},"fnMap":{"0":{"name":"(anonymous_0)","decl":{"start":{"line":24,"column":2},"end":{"line":24,"column":22}},"loc":{"start":{"line":24,"column":121},"end":{"line":24,"column":125}}},"1":{"name":"(anonymous_1)","decl":{"start":{"line":26,"column":2},"end":{"line":26,"column":10}},"loc":{"start":{"line":26,"column":10},"end":{"line":39,"column":3}}},"2":{"name":"(anonymous_2)","decl":{"start":{"line":27,"column":45},"end":{"line":27,"column":52}},"loc":{"start":{"line":27,"column":55},"end":{"line":38,"column":5}}},"3":{"name":"(anonymous_3)","decl":{"start":{"line":41,"column":2},"end":{"line":41,"column":6}},"loc":{"start":{"line":41,"column":6},"end":{"line":58,"column":3}}},"4":{"name":"(anonymous_4)","decl":{"start":{"line":49,"column":53},"end":{"line":49,"column":56}},"loc":{"start":{"line":49,"column":58},"end":{"line":57,"column":5}}}},"branchMap":{"0":{"loc":{"start":{"line":28,"column":6},"end":{"line":37,"column":null}},"type":"if","locations":[{"start":{"line":28,"column":6},"end":{"line":37,"column":null}},{"start":{"line":28,"column":6},"end":{"line":37,"column":null}}]},"1":{"loc":{"start":{"line":54,"column":6},"end":{"line":56,"column":null}},"type":"if","locations":[{"start":{"line":54,"column":6},"end":{"line":56,"column":null}},{"start":{"line":54,"column":6},"end":{"line":56,"column":null}}]}},"s":{"0":1,"1":1,"2":1,"3":1,"4":1,"5":1,"6":3,"7":3,"8":3,"9":3,"10":3,"11":3,"12":3,"13":3,"14":3,"15":3,"16":3,"17":3,"18":3,"19":3,"20":3,"21":3,"22":2,"23":2,"24":2,"25":2,"26":1,"27":1},"f":{"0":3,"1":3,"2":3,"3":3,"4":2},"b":{"0":[3,0],"1":[2,0]}}
,"/home/karthik/cynapseTech/src/main/webapp/app/admin/configuration/configuration.component.html": {"path":"/home/karthik/cynapseTech/src/main/webapp/app/admin/configuration/configuration.component.html","statementMap":{"0":{"start":{"line":1,"column":0},"end":{"line":1,"column":2390}}},"fnMap":{},"branchMap":{},"s":{"0":1},"f":{},"b":{},"inputSourceMap":null,"_coverageSchema":"1a1c01bbd47fc00a2c39e90264f33305004495a9","hash":"58ab7c683bfb83f3e35e742f6a575ab83cc58a35"}
,"/home/karthik/cynapseTech/src/main/webapp/app/admin/configuration/configuration.component.ts": {"path":"/home/karthik/cynapseTech/src/main/webapp/app/admin/configuration/configuration.component.ts","statementMap":{"0":{"start":{"line":1,"column":0},"end":{"line":1,"column":50}},"1":{"start":{"line":3,"column":0},"end":{"line":3,"column":63}},"2":{"start":{"line":10,"column":0},"end":{"line":35,"column":null}},"3":{"start":{"line":17,"column":22},"end":{"line":17,"column":44}},"4":{"start":{"line":12,"column":2},"end":{"line":12,"column":21}},"5":{"start":{"line":13,"column":2},"end":{"line":13,"column":19}},"6":{"start":{"line":14,"column":2},"end":{"line":14,"column":24}},"7":{"start":{"line":15,"column":2},"end":{"line":15,"column":41}},"8":{"start":{"line":20,"column":4},"end":{"line":23,"column":7}},"9":{"start":{"line":21,"column":6},"end":{"line":21,"column":28}},"10":{"start":{"line":22,"column":6},"end":{"line":22,"column":32}},"11":{"start":{"line":25,"column":4},"end":{"line":25,"column":122}},"12":{"start":{"line":25,"column":81},"end":{"line":25,"column":119}},"13":{"start":{"line":29,"column":32},"end":{"line":29,"column":60}},"14":{"start":{"line":30,"column":39},"end":{"line":30,"column":67}},"15":{"start":{"line":31,"column":4},"end":{"line":33,"column":96}},"16":{"start":{"line":32,"column":22},"end":{"line":32,"column":109}},"17":{"start":{"line":33,"column":23},"end":{"line":33,"column":93}},"18":{"start":{"line":10,"column":13},"end":{"line":35,"column":null}},"19":{"start":{"line":10,"column":13},"end":{"line":10,"column":35}}},"fnMap":{"0":{"name":"(anonymous_0)","decl":{"start":{"line":17,"column":2},"end":{"line":17,"column":22}},"loc":{"start":{"line":17,"column":64},"end":{"line":17,"column":68}}},"1":{"name":"(anonymous_1)","decl":{"start":{"line":19,"column":2},"end":{"line":19,"column":10}},"loc":{"start":{"line":19,"column":10},"end":{"line":26,"column":3}}},"2":{"name":"(anonymous_2)","decl":{"start":{"line":20,"column":51},"end":{"line":20,"column":56}},"loc":{"start":{"line":20,"column":59},"end":{"line":23,"column":5}}},"3":{"name":"(anonymous_3)","decl":{"start":{"line":25,"column":61},"end":{"line":25,"column":76}},"loc":{"start":{"line":25,"column":81},"end":{"line":25,"column":119}}},"4":{"name":"(anonymous_4)","decl":{"start":{"line":28,"column":2},"end":{"line":28,"column":20}},"loc":{"start":{"line":28,"column":20},"end":{"line":34,"column":3}}},"5":{"name":"(anonymous_5)","decl":{"start":{"line":32,"column":14},"end":{"line":32,"column":18}},"loc":{"start":{"line":32,"column":22},"end":{"line":32,"column":109}}},"6":{"name":"(anonymous_6)","decl":{"start":{"line":33,"column":12},"end":{"line":33,"column":13}},"loc":{"start":{"line":33,"column":23},"end":{"line":33,"column":93}}}},"branchMap":{"0":{"loc":{"start":{"line":29,"column":54},"end":{"line":29,"column":56}},"type":"cond-expr","locations":[{"start":{"line":29,"column":54},"end":{"line":29,"column":56}},{"start":{"line":29,"column":59},"end":{"line":29,"column":60}}]},"1":{"loc":{"start":{"line":30,"column":61},"end":{"line":30,"column":62}},"type":"cond-expr","locations":[{"start":{"line":30,"column":61},"end":{"line":30,"column":62}},{"start":{"line":30,"column":65},"end":{"line":30,"column":67}}]},"2":{"loc":{"start":{"line":32,"column":22},"end":{"line":32,"column":39}},"type":"binary-expr","locations":[{"start":{"line":32,"column":22},"end":{"line":32,"column":39}},{"start":{"line":32,"column":43},"end":{"line":32,"column":109}}]},"3":{"loc":{"start":{"line":33,"column":45},"end":{"line":33,"column":64}},"type":"cond-expr","locations":[{"start":{"line":33,"column":45},"end":{"line":33,"column":64}},{"start":{"line":33,"column":67},"end":{"line":33,"column":93}}]}},"s":{"0":1,"1":1,"2":1,"3":1,"4":1,"5":1,"6":1,"7":1,"8":1,"9":1,"10":1,"11":1,"12":1,"13":1,"14":1,"15":1,"16":1,"17":0,"18":1,"19":1},"f":{"0":1,"1":1,"2":1,"3":1,"4":1,"5":1,"6":0},"b":{"0":[1,0],"1":[1,0],"2":[1,0],"3":[0,0]}}
,"/home/karthik/cynapseTech/src/main/webapp/app/admin/configuration/configuration.service.ts": {"path":"/home/karthik/cynapseTech/src/main/webapp/app/admin/configuration/configuration.service.ts","statementMap":{"0":{"start":{"line":1,"column":0},"end":{"line":1,"column":43}},"1":{"start":{"line":2,"column":0},"end":{"line":2,"column":50}},"2":{"start":{"line":4,"column":0},"end":{"line":4,"column":37}},"3":{"start":{"line":6,"column":0},"end":{"line":6,"column":86}},"4":{"start":{"line":10,"column":0},"end":{"line":28,"column":null}},"5":{"start":{"line":11,"column":22},"end":{"line":11,"column":28}},"6":{"start":{"line":11,"column":48},"end":{"line":11,"column":74}},"7":{"start":{"line":14,"column":4},"end":{"line":22,"column":6}},"8":{"start":{"line":16,"column":8},"end":{"line":19,"column":null}},"9":{"start":{"line":18,"column":28},"end":{"line":18,"column":41}},"10":{"start":{"line":19,"column":62},"end":{"line":19,"column":96}},"11":{"start":{"line":26,"column":4},"end":{"line":26,"column":132}},"12":{"start":{"line":26,"column":110},"end":{"line":26,"column":129}},"13":{"start":{"line":10,"column":13},"end":{"line":28,"column":null}},"14":{"start":{"line":10,"column":13},"end":{"line":10,"column":33}}},"fnMap":{"0":{"name":"(anonymous_0)","decl":{"start":{"line":11,"column":2},"end":{"line":11,"column":22}},"loc":{"start":{"line":11,"column":98},"end":{"line":11,"column":102}}},"1":{"name":"(anonymous_1)","decl":{"start":{"line":13,"column":2},"end":{"line":13,"column":10}},"loc":{"start":{"line":13,"column":10},"end":{"line":23,"column":3}}},"2":{"name":"(anonymous_2)","decl":{"start":{"line":15,"column":10},"end":{"line":15,"column":21}},"loc":{"start":{"line":16,"column":8},"end":{"line":19,"column":null}}},"3":{"name":"(anonymous_3)","decl":{"start":{"line":18,"column":17},"end":{"line":18,"column":24}},"loc":{"start":{"line":18,"column":28},"end":{"line":18,"column":41}}},"4":{"name":"(anonymous_4)","decl":{"start":{"line":19,"column":20},"end":{"line":19,"column":21}},"loc":{"start":{"line":19,"column":62},"end":{"line":19,"column":96}}},"5":{"name":"(anonymous_5)","decl":{"start":{"line":25,"column":2},"end":{"line":25,"column":20}},"loc":{"start":{"line":25,"column":20},"end":{"line":27,"column":3}}},"6":{"name":"(anonymous_6)","decl":{"start":{"line":26,"column":103},"end":{"line":26,"column":106}},"loc":{"start":{"line":26,"column":110},"end":{"line":26,"column":129}}}},"branchMap":{},"s":{"0":2,"1":2,"2":2,"3":2,"4":2,"5":3,"6":3,"7":1,"8":1,"9":1,"10":0,"11":1,"12":1,"13":2,"14":2},"f":{"0":3,"1":1,"2":1,"3":1,"4":0,"5":1,"6":1},"b":{}}
,"/home/karthik/cynapseTech/src/main/webapp/app/admin/health/health.component.html": {"path":"/home/karthik/cynapseTech/src/main/webapp/app/admin/health/health.component.html","statementMap":{"0":{"start":{"line":1,"column":0},"end":{"line":1,"column":1810}}},"fnMap":{},"branchMap":{},"s":{"0":1},"f":{},"b":{},"inputSourceMap":null,"_coverageSchema":"1a1c01bbd47fc00a2c39e90264f33305004495a9","hash":"17dca980c363ede8b950d67e1addfcdf4ca89da2"}
,"/home/karthik/cynapseTech/src/main/webapp/app/admin/health/health.component.ts": {"path":"/home/karthik/cynapseTech/src/main/webapp/app/admin/health/health.component.ts","statementMap":{"0":{"start":{"line":1,"column":0},"end":{"line":1,"column":50}},"1":{"start":{"line":3,"column":0},"end":{"line":3,"column":54}},"2":{"start":{"line":5,"column":0},"end":{"line":5,"column":49}},"3":{"start":{"line":7,"column":0},"end":{"line":7,"column":70}},"4":{"start":{"line":13,"column":0},"end":{"line":45,"column":null}},"5":{"start":{"line":16,"column":22},"end":{"line":16,"column":36}},"6":{"start":{"line":16,"column":54},"end":{"line":16,"column":69}},"7":{"start":{"line":19,"column":4},"end":{"line":19,"column":19}},"8":{"start":{"line":23,"column":4},"end":{"line":27,"column":null}},"9":{"start":{"line":24,"column":6},"end":{"line":24,"column":29}},"10":{"start":{"line":26,"column":6},"end":{"line":26,"column":28}},"11":{"start":{"line":31,"column":4},"end":{"line":38,"column":6}},"12":{"start":{"line":32,"column":17},"end":{"line":32,"column":37}},"13":{"start":{"line":34,"column":8},"end":{"line":36,"column":null}},"14":{"start":{"line":35,"column":10},"end":{"line":35,"column":36}},"15":{"start":{"line":42,"column":21},"end":{"line":42,"column":65}},"16":{"start":{"line":43,"column":4},"end":{"line":43,"column":47}},"17":{"start":{"line":13,"column":13},"end":{"line":45,"column":null}},"18":{"start":{"line":13,"column":13},"end":{"line":13,"column":28}}},"fnMap":{"0":{"name":"(anonymous_0)","decl":{"start":{"line":16,"column":2},"end":{"line":16,"column":22}},"loc":{"start":{"line":16,"column":82},"end":{"line":16,"column":86}}},"1":{"name":"(anonymous_1)","decl":{"start":{"line":18,"column":2},"end":{"line":18,"column":10}},"loc":{"start":{"line":18,"column":10},"end":{"line":20,"column":3}}},"2":{"name":"(anonymous_2)","decl":{"start":{"line":22,"column":2},"end":{"line":22,"column":15}},"loc":{"start":{"line":22,"column":41},"end":{"line":28,"column":3}}},"3":{"name":"(anonymous_3)","decl":{"start":{"line":30,"column":2},"end":{"line":30,"column":9}},"loc":{"start":{"line":30,"column":9},"end":{"line":39,"column":3}}},"4":{"name":"(anonymous_4)","decl":{"start":{"line":32,"column":6},"end":{"line":32,"column":12}},"loc":{"start":{"line":32,"column":17},"end":{"line":32,"column":37}}},"5":{"name":"(anonymous_5)","decl":{"start":{"line":33,"column":6},"end":{"line":33,"column":7}},"loc":{"start":{"line":33,"column":35},"end":{"line":37,"column":7}}},"6":{"name":"(anonymous_6)","decl":{"start":{"line":41,"column":2},"end":{"line":41,"column":12}},"loc":{"start":{"line":41,"column":58},"end":{"line":44,"column":3}}}},"branchMap":{"0":{"loc":{"start":{"line":23,"column":4},"end":{"line":27,"column":null}},"type":"if","locations":[{"start":{"line":23,"column":4},"end":{"line":27,"column":null}},{"start":{"line":23,"column":4},"end":{"line":27,"column":null}}]},"1":{"loc":{"start":{"line":34,"column":8},"end":{"line":36,"column":null}},"type":"if","locations":[{"start":{"line":34,"column":8},"end":{"line":36,"column":null}},{"start":{"line":34,"column":8},"end":{"line":36,"column":null}}]}},"s":{"0":1,"1":1,"2":1,"3":1,"4":1,"5":3,"6":3,"7":1,"8":2,"9":1,"10":1,"11":2,"12":1,"13":1,"14":1,"15":0,"16":0,"17":1,"18":1},"f":{"0":3,"1":1,"2":2,"3":2,"4":1,"5":1,"6":0},"b":{"0":[1,1],"1":[1,0]}}
,"/home/karthik/cynapseTech/src/main/webapp/app/admin/health/health.service.ts": {"path":"/home/karthik/cynapseTech/src/main/webapp/app/admin/health/health.service.ts","statementMap":{"0":{"start":{"line":1,"column":0},"end":{"line":1,"column":43}},"1":{"start":{"line":2,"column":0},"end":{"line":2,"column":50}},"2":{"start":{"line":5,"column":0},"end":{"line":5,"column":86}},"3":{"start":{"line":9,"column":0},"end":{"line":15,"column":null}},"4":{"start":{"line":10,"column":22},"end":{"line":10,"column":28}},"5":{"start":{"line":10,"column":48},"end":{"line":10,"column":74}},"6":{"start":{"line":13,"column":4},"end":{"line":13,"column":100}},"7":{"start":{"line":9,"column":13},"end":{"line":15,"column":null}},"8":{"start":{"line":9,"column":13},"end":{"line":9,"column":26}}},"fnMap":{"0":{"name":"(anonymous_0)","decl":{"start":{"line":10,"column":2},"end":{"line":10,"column":22}},"loc":{"start":{"line":10,"column":98},"end":{"line":10,"column":102}}},"1":{"name":"(anonymous_1)","decl":{"start":{"line":12,"column":2},"end":{"line":12,"column":13}},"loc":{"start":{"line":12,"column":13},"end":{"line":14,"column":3}}}},"branchMap":{},"s":{"0":1,"1":1,"2":1,"3":1,"4":3,"5":3,"6":0,"7":1,"8":1},"f":{"0":3,"1":0},"b":{}}
,"/home/karthik/cynapseTech/src/main/webapp/app/admin/health/modal/health-modal.component.html": {"path":"/home/karthik/cynapseTech/src/main/webapp/app/admin/health/modal/health-modal.component.html","statementMap":{"0":{"start":{"line":1,"column":0},"end":{"line":1,"column":1368}}},"fnMap":{},"branchMap":{},"s":{"0":1},"f":{},"b":{},"inputSourceMap":null,"_coverageSchema":"1a1c01bbd47fc00a2c39e90264f33305004495a9","hash":"a29bd057721a8fec9c56c1db4c917b639479720c"}
,"/home/karthik/cynapseTech/src/main/webapp/app/admin/health/modal/health-modal.component.ts": {"path":"/home/karthik/cynapseTech/src/main/webapp/app/admin/health/modal/health-modal.component.ts","statementMap":{"0":{"start":{"line":1,"column":0},"end":{"line":1,"column":42}},"1":{"start":{"line":2,"column":0},"end":{"line":2,"column":60}},"2":{"start":{"line":10,"column":0},"end":{"line":36,"column":null}},"3":{"start":{"line":13,"column":21},"end":{"line":13,"column":34}},"4":{"start":{"line":16,"column":4},"end":{"line":24,"column":null}},"5":{"start":{"line":18,"column":18},"end":{"line":18,"column":36}},"6":{"start":{"line":19,"column":6},"end":{"line":23,"column":null}},"7":{"start":{"line":20,"column":8},"end":{"line":20,"column":38}},"8":{"start":{"line":22,"column":8},"end":{"line":22,"column":52}},"9":{"start":{"line":26,"column":4},"end":{"line":30,"column":null}},"10":{"start":{"line":27,"column":6},"end":{"line":27,"column":35}},"11":{"start":{"line":29,"column":6},"end":{"line":29,"column":27}},"12":{"start":{"line":34,"column":4},"end":{"line":34,"column":31}},"13":{"start":{"line":10,"column":13},"end":{"line":36,"column":null}},"14":{"start":{"line":10,"column":13},"end":{"line":10,"column":33}}},"fnMap":{"0":{"name":"(anonymous_0)","decl":{"start":{"line":13,"column":2},"end":{"line":13,"column":21}},"loc":{"start":{"line":13,"column":48},"end":{"line":13,"column":52}}},"1":{"name":"(anonymous_1)","decl":{"start":{"line":15,"column":2},"end":{"line":15,"column":15}},"loc":{"start":{"line":15,"column":26},"end":{"line":31,"column":3}}},"2":{"name":"(anonymous_2)","decl":{"start":{"line":33,"column":2},"end":{"line":33,"column":9}},"loc":{"start":{"line":33,"column":9},"end":{"line":35,"column":3}}}},"branchMap":{"0":{"loc":{"start":{"line":16,"column":4},"end":{"line":24,"column":null}},"type":"if","locations":[{"start":{"line":16,"column":4},"end":{"line":24,"column":null}},{"start":{"line":16,"column":4},"end":{"line":24,"column":null}}]},"1":{"loc":{"start":{"line":16,"column":19},"end":{"line":16,"column":21}},"type":"cond-expr","locations":[{"start":{"line":16,"column":19},"end":{"line":16,"column":21}},{"start":{"line":16,"column":19},"end":{"line":16,"column":24}}]},"2":{"loc":{"start":{"line":16,"column":8},"end":{"line":16,"column":21}},"type":"binary-expr","locations":[{"start":{"line":16,"column":8},"end":{"line":16,"column":21}},{"start":{"line":16,"column":19},"end":{"line":16,"column":21}}]},"3":{"loc":{"start":{"line":19,"column":6},"end":{"line":23,"column":null}},"type":"if","locations":[{"start":{"line":19,"column":6},"end":{"line":23,"column":null}},{"start":{"line":19,"column":6},"end":{"line":23,"column":null}}]},"4":{"loc":{"start":{"line":26,"column":4},"end":{"line":30,"column":null}},"type":"if","locations":[{"start":{"line":26,"column":4},"end":{"line":30,"column":null}},{"start":{"line":26,"column":4},"end":{"line":30,"column":null}}]}},"s":{"0":1,"1":1,"2":1,"3":0,"4":0,"5":0,"6":0,"7":0,"8":0,"9":0,"10":0,"11":0,"12":0,"13":1,"14":1},"f":{"0":0,"1":0,"2":0},"b":{"0":[0,0],"1":[0,0],"2":[0,0],"3":[0,0],"4":[0,0]}}
,"/home/karthik/cynapseTech/src/main/webapp/app/admin/logs/log.model.ts": {"path":"/home/karthik/cynapseTech/src/main/webapp/app/admin/logs/log.model.ts","statementMap":{"0":{"start":{"line":14,"column":21},"end":{"line":14,"column":33}},"1":{"start":{"line":14,"column":42},"end":{"line":14,"column":54}},"2":{"start":{"line":13,"column":0},"end":{"line":13,"column":13}}},"fnMap":{"0":{"name":"(anonymous_0)","decl":{"start":{"line":14,"column":2},"end":{"line":14,"column":21}},"loc":{"start":{"line":14,"column":54},"end":{"line":14,"column":58}}}},"branchMap":{},"s":{"0":4,"1":4,"2":1},"f":{"0":4},"b":{}}
,"/home/karthik/cynapseTech/src/main/webapp/app/admin/logs/logs.component.html": {"path":"/home/karthik/cynapseTech/src/main/webapp/app/admin/logs/logs.component.html","statementMap":{"0":{"start":{"line":1,"column":0},"end":{"line":1,"column":2594}}},"fnMap":{},"branchMap":{},"s":{"0":1},"f":{},"b":{},"inputSourceMap":null,"_coverageSchema":"1a1c01bbd47fc00a2c39e90264f33305004495a9","hash":"b71092052e5223497d553b63b3418e51a91d0fe1"}
,"/home/karthik/cynapseTech/src/main/webapp/app/admin/logs/logs.component.ts": {"path":"/home/karthik/cynapseTech/src/main/webapp/app/admin/logs/logs.component.ts","statementMap":{"0":{"start":{"line":1,"column":0},"end":{"line":1,"column":50}},"1":{"start":{"line":3,"column":0},"end":{"line":3,"column":58}},"2":{"start":{"line":4,"column":0},"end":{"line":4,"column":45}},"3":{"start":{"line":10,"column":0},"end":{"line":48,"column":null}},"4":{"start":{"line":17,"column":22},"end":{"line":17,"column":35}},"5":{"start":{"line":13,"column":2},"end":{"line":13,"column":14}},"6":{"start":{"line":14,"column":2},"end":{"line":14,"column":32}},"7":{"start":{"line":15,"column":2},"end":{"line":15,"column":19}},"8":{"start":{"line":20,"column":4},"end":{"line":20,"column":33}},"9":{"start":{"line":24,"column":4},"end":{"line":24,"column":92}},"10":{"start":{"line":24,"column":62},"end":{"line":24,"column":90}},"11":{"start":{"line":28,"column":4},"end":{"line":39,"column":7}},"12":{"start":{"line":29,"column":16},"end":{"line":29,"column":93}},"13":{"start":{"line":31,"column":6},"end":{"line":37,"column":null}},"14":{"start":{"line":32,"column":8},"end":{"line":32,"column":39}},"15":{"start":{"line":33,"column":13},"end":{"line":37,"column":null}},"16":{"start":{"line":34,"column":8},"end":{"line":34,"column":39}},"17":{"start":{"line":35,"column":13},"end":{"line":37,"column":null}},"18":{"start":{"line":36,"column":8},"end":{"line":36,"column":40}},"19":{"start":{"line":38,"column":6},"end":{"line":38,"column":15}},"20":{"start":{"line":43,"column":4},"end":{"line":46,"column":7}},"21":{"start":{"line":44,"column":6},"end":{"line":44,"column":114}},"22":{"start":{"line":44,"column":77},"end":{"line":44,"column":112}},"23":{"start":{"line":45,"column":6},"end":{"line":45,"column":27}},"24":{"start":{"line":10,"column":13},"end":{"line":48,"column":null}},"25":{"start":{"line":10,"column":13},"end":{"line":10,"column":26}}},"fnMap":{"0":{"name":"(anonymous_0)","decl":{"start":{"line":17,"column":2},"end":{"line":17,"column":22}},"loc":{"start":{"line":17,"column":46},"end":{"line":17,"column":50}}},"1":{"name":"(anonymous_1)","decl":{"start":{"line":19,"column":2},"end":{"line":19,"column":10}},"loc":{"start":{"line":19,"column":10},"end":{"line":21,"column":3}}},"2":{"name":"(anonymous_2)","decl":{"start":{"line":23,"column":2},"end":{"line":23,"column":13}},"loc":{"start":{"line":23,"column":40},"end":{"line":25,"column":3}}},"3":{"name":"(anonymous_3)","decl":{"start":{"line":24,"column":56},"end":{"line":24,"column":59}},"loc":{"start":{"line":24,"column":62},"end":{"line":24,"column":90}}},"4":{"name":"(anonymous_4)","decl":{"start":{"line":27,"column":2},"end":{"line":27,"column":15}},"loc":{"start":{"line":27,"column":15},"end":{"line":40,"column":3}}},"5":{"name":"(anonymous_5)","decl":{"start":{"line":29,"column":6},"end":{"line":29,"column":12}},"loc":{"start":{"line":29,"column":16},"end":{"line":29,"column":93}}},"6":{"name":"(anonymous_6)","decl":{"start":{"line":30,"column":11},"end":{"line":30,"column":12}},"loc":{"start":{"line":30,"column":20},"end":{"line":39,"column":5}}},"7":{"name":"(anonymous_7)","decl":{"start":{"line":42,"column":10},"end":{"line":42,"column":31}},"loc":{"start":{"line":42,"column":31},"end":{"line":47,"column":3}}},"8":{"name":"(anonymous_8)","decl":{"start":{"line":43,"column":41},"end":{"line":43,"column":42}},"loc":{"start":{"line":43,"column":71},"end":{"line":46,"column":5}}},"9":{"name":"(anonymous_9)","decl":{"start":{"line":44,"column":58},"end":{"line":44,"column":59}},"loc":{"start":{"line":44,"column":77},"end":{"line":44,"column":112}}}},"branchMap":{"0":{"loc":{"start":{"line":29,"column":16},"end":{"line":29,"column":28}},"type":"binary-expr","locations":[{"start":{"line":29,"column":16},"end":{"line":29,"column":28}},{"start":{"line":29,"column":32},"end":{"line":29,"column":93}}]},"1":{"loc":{"start":{"line":31,"column":6},"end":{"line":37,"column":null}},"type":"if","locations":[{"start":{"line":31,"column":6},"end":{"line":37,"column":null}},{"start":{"line":31,"column":6},"end":{"line":37,"column":null}}]},"2":{"loc":{"start":{"line":32,"column":32},"end":{"line":32,"column":34}},"type":"cond-expr","locations":[{"start":{"line":32,"column":32},"end":{"line":32,"column":34}},{"start":{"line":32,"column":37},"end":{"line":32,"column":38}}]},"3":{"loc":{"start":{"line":33,"column":13},"end":{"line":37,"column":null}},"type":"if","locations":[{"start":{"line":33,"column":13},"end":{"line":37,"column":null}},{"start":{"line":33,"column":13},"end":{"line":37,"column":null}}]},"4":{"loc":{"start":{"line":34,"column":32},"end":{"line":34,"column":33}},"type":"cond-expr","locations":[{"start":{"line":34,"column":32},"end":{"line":34,"column":33}},{"start":{"line":34,"column":36},"end":{"line":34,"column":38}}]},"5":{"loc":{"start":{"line":35,"column":13},"end":{"line":37,"column":null}},"type":"if","locations":[{"start":{"line":35,"column":13},"end":{"line":37,"column":null}},{"start":{"line":35,"column":13},"end":{"line":37,"column":null}}]},"6":{"loc":{"start":{"line":36,"column":33},"end":{"line":36,"column":35}},"type":"cond-expr","locations":[{"start":{"line":36,"column":33},"end":{"line":36,"column":35}},{"start":{"line":36,"column":38},"end":{"line":36,"column":39}}]}},"s":{"0":1,"1":1,"2":1,"3":1,"4":3,"5":3,"6":3,"7":3,"8":1,"9":1,"10":1,"11":2,"12":2,"13":0,"14":0,"15":0,"16":0,"17":0,"18":0,"19":0,"20":2,"21":2,"22":2,"23":2,"24":1,"25":1},"f":{"0":3,"1":1,"2":1,"3":1,"4":2,"5":2,"6":0,"7":2,"8":2,"9":2},"b":{"0":[2,0],"1":[0,0],"2":[0,0],"3":[0,0],"4":[0,0],"5":[0,0],"6":[0,0]}}
,"/home/karthik/cynapseTech/src/main/webapp/app/admin/logs/logs.service.ts": {"path":"/home/karthik/cynapseTech/src/main/webapp/app/admin/logs/logs.service.ts","statementMap":{"0":{"start":{"line":1,"column":0},"end":{"line":1,"column":43}},"1":{"start":{"line":2,"column":0},"end":{"line":2,"column":50}},"2":{"start":{"line":5,"column":0},"end":{"line":5,"column":86}},"3":{"start":{"line":9,"column":0},"end":{"line":19,"column":null}},"4":{"start":{"line":10,"column":22},"end":{"line":10,"column":28}},"5":{"start":{"line":10,"column":48},"end":{"line":10,"column":74}},"6":{"start":{"line":13,"column":4},"end":{"line":13,"column":123}},"7":{"start":{"line":17,"column":4},"end":{"line":17,"column":110}},"8":{"start":{"line":9,"column":13},"end":{"line":19,"column":null}},"9":{"start":{"line":9,"column":13},"end":{"line":9,"column":24}}},"fnMap":{"0":{"name":"(anonymous_0)","decl":{"start":{"line":10,"column":2},"end":{"line":10,"column":22}},"loc":{"start":{"line":10,"column":98},"end":{"line":10,"column":102}}},"1":{"name":"(anonymous_1)","decl":{"start":{"line":12,"column":2},"end":{"line":12,"column":13}},"loc":{"start":{"line":12,"column":50},"end":{"line":14,"column":3}}},"2":{"name":"(anonymous_2)","decl":{"start":{"line":16,"column":2},"end":{"line":16,"column":9}},"loc":{"start":{"line":16,"column":9},"end":{"line":18,"column":3}}}},"branchMap":{},"s":{"0":2,"1":2,"2":2,"3":2,"4":4,"5":4,"6":1,"7":0,"8":2,"9":2},"f":{"0":4,"1":1,"2":0},"b":{}}
,"/home/karthik/cynapseTech/src/main/webapp/app/admin/metrics/metrics.component.html": {"path":"/home/karthik/cynapseTech/src/main/webapp/app/admin/metrics/metrics.component.html","statementMap":{"0":{"start":{"line":1,"column":0},"end":{"line":1,"column":2018}}},"fnMap":{},"branchMap":{},"s":{"0":1},"f":{},"b":{},"inputSourceMap":null,"_coverageSchema":"1a1c01bbd47fc00a2c39e90264f33305004495a9","hash":"9d64d95cbc4d7f9fbb1c0b3a90dde3186c79e6f3"}
,"/home/karthik/cynapseTech/src/main/webapp/app/admin/metrics/metrics.component.ts": {"path":"/home/karthik/cynapseTech/src/main/webapp/app/admin/metrics/metrics.component.ts","statementMap":{"0":{"start":{"line":1,"column":0},"end":{"line":1,"column":94}},"1":{"start":{"line":2,"column":0},"end":{"line":2,"column":37}},"2":{"start":{"line":4,"column":0},"end":{"line":4,"column":51}},"3":{"start":{"line":12,"column":0},"end":{"line":40,"column":null}},"4":{"start":{"line":17,"column":22},"end":{"line":17,"column":38}},"5":{"start":{"line":17,"column":62},"end":{"line":17,"column":78}},"6":{"start":{"line":15,"column":2},"end":{"line":15,"column":25}},"7":{"start":{"line":20,"column":4},"end":{"line":20,"column":19}},"8":{"start":{"line":24,"column":4},"end":{"line":24,"column":32}},"9":{"start":{"line":25,"column":4},"end":{"line":30,"column":7}},"10":{"start":{"line":26,"column":6},"end":{"line":26,"column":29}},"11":{"start":{"line":27,"column":6},"end":{"line":27,"column":40}},"12":{"start":{"line":28,"column":6},"end":{"line":28,"column":35}},"13":{"start":{"line":29,"column":6},"end":{"line":29,"column":41}},"14":{"start":{"line":34,"column":4},"end":{"line":34,"column":40}},"15":{"start":{"line":38,"column":4},"end":{"line":38,"column":86}},"16":{"start":{"line":12,"column":13},"end":{"line":40,"column":null}},"17":{"start":{"line":12,"column":13},"end":{"line":12,"column":29}}},"fnMap":{"0":{"name":"(anonymous_0)","decl":{"start":{"line":17,"column":2},"end":{"line":17,"column":22}},"loc":{"start":{"line":17,"column":95},"end":{"line":17,"column":99}}},"1":{"name":"(anonymous_1)","decl":{"start":{"line":19,"column":2},"end":{"line":19,"column":10}},"loc":{"start":{"line":19,"column":10},"end":{"line":21,"column":3}}},"2":{"name":"(anonymous_2)","decl":{"start":{"line":23,"column":2},"end":{"line":23,"column":9}},"loc":{"start":{"line":23,"column":9},"end":{"line":31,"column":3}}},"3":{"name":"(anonymous_3)","decl":{"start":{"line":25,"column":98},"end":{"line":25,"column":99}},"loc":{"start":{"line":25,"column":124},"end":{"line":30,"column":5}}},"4":{"name":"(anonymous_4)","decl":{"start":{"line":33,"column":2},"end":{"line":33,"column":18}},"loc":{"start":{"line":33,"column":37},"end":{"line":35,"column":3}}},"5":{"name":"(anonymous_5)","decl":{"start":{"line":37,"column":2},"end":{"line":37,"column":35}},"loc":{"start":{"line":37,"column":54},"end":{"line":39,"column":3}}}},"branchMap":{"0":{"loc":{"start":{"line":34,"column":31},"end":{"line":34,"column":34}},"type":"cond-expr","locations":[{"start":{"line":34,"column":31},"end":{"line":34,"column":34}},{"start":{"line":34,"column":31},"end":{"line":34,"column":39}}]},"1":{"loc":{"start":{"line":34,"column":18},"end":{"line":34,"column":34}},"type":"binary-expr","locations":[{"start":{"line":34,"column":18},"end":{"line":34,"column":34}},{"start":{"line":34,"column":31},"end":{"line":34,"column":34}}]},"2":{"loc":{"start":{"line":38,"column":19},"end":{"line":38,"column":42}},"type":"binary-expr","locations":[{"start":{"line":38,"column":19},"end":{"line":38,"column":42}},{"start":{"line":38,"column":42},"end":{"line":38,"column":84}}]},"3":{"loc":{"start":{"line":38,"column":31},"end":{"line":38,"column":34}},"type":"cond-expr","locations":[{"start":{"line":38,"column":31},"end":{"line":38,"column":34}},{"start":{"line":38,"column":31},"end":{"line":38,"column":42}}]},"4":{"loc":{"start":{"line":38,"column":19},"end":{"line":38,"column":34}},"type":"binary-expr","locations":[{"start":{"line":38,"column":19},"end":{"line":38,"column":34}},{"start":{"line":38,"column":31},"end":{"line":38,"column":34}}]}},"s":{"0":1,"1":1,"2":1,"3":1,"4":1,"5":1,"6":1,"7":1,"8":1,"9":1,"10":0,"11":0,"12":0,"13":0,"14":0,"15":0,"16":1,"17":1},"f":{"0":1,"1":1,"2":1,"3":0,"4":0,"5":0},"b":{"0":[0,0],"1":[0,0],"2":[0,0],"3":[0,0],"4":[0,0]}}
,"/home/karthik/cynapseTech/src/main/webapp/app/admin/metrics/metrics.model.ts": {"path":"/home/karthik/cynapseTech/src/main/webapp/app/admin/metrics/metrics.model.ts","statementMap":{"0":{"start":{"line":83,"column":0},"end":{"line":83,"column":null}},"1":{"start":{"line":84,"column":2},"end":{"line":84,"column":null}},"2":{"start":{"line":85,"column":2},"end":{"line":85,"column":null}},"3":{"start":{"line":86,"column":2},"end":{"line":86,"column":null}},"4":{"start":{"line":87,"column":2},"end":{"line":87,"column":null}},"5":{"start":{"line":88,"column":2},"end":{"line":88,"column":null}},"6":{"start":{"line":152,"column":0},"end":{"line":152,"column":null}},"7":{"start":{"line":153,"column":2},"end":{"line":153,"column":null}},"8":{"start":{"line":154,"column":2},"end":{"line":154,"column":null}},"9":{"start":{"line":155,"column":2},"end":{"line":155,"column":null}},"10":{"start":{"line":156,"column":2},"end":{"line":156,"column":null}},"11":{"start":{"line":157,"column":2},"end":{"line":157,"column":null}},"12":{"start":{"line":158,"column":2},"end":{"line":158,"column":null}}},"fnMap":{"0":{"name":"(anonymous_0)","decl":{"start":{"line":83,"column":0},"end":{"line":83,"column":12}},"loc":{"start":{"line":83,"column":22},"end":{"line":89,"column":1}}},"1":{"name":"(anonymous_1)","decl":{"start":{"line":152,"column":0},"end":{"line":152,"column":12}},"loc":{"start":{"line":152,"column":23},"end":{"line":159,"column":1}}}},"branchMap":{"0":{"loc":{"start":{"line":83,"column":12},"end":{"line":83,"column":22}},"type":"binary-expr","locations":[{"start":{"line":83,"column":12},"end":{"line":83,"column":22}},{"start":{"line":83,"column":12},"end":{"line":83,"column":null}}]},"1":{"loc":{"start":{"line":152,"column":12},"end":{"line":152,"column":23}},"type":"binary-expr","locations":[{"start":{"line":152,"column":12},"end":{"line":152,"column":23}},{"start":{"line":152,"column":12},"end":{"line":152,"column":null}}]}},"s":{"0":1,"1":1,"2":1,"3":1,"4":1,"5":1,"6":1,"7":1,"8":1,"9":1,"10":1,"11":1,"12":1},"f":{"0":1,"1":1},"b":{"0":[1,1],"1":[1,1]}}
,"/home/karthik/cynapseTech/src/main/webapp/app/admin/metrics/metrics.service.ts": {"path":"/home/karthik/cynapseTech/src/main/webapp/app/admin/metrics/metrics.service.ts","statementMap":{"0":{"start":{"line":1,"column":0},"end":{"line":1,"column":43}},"1":{"start":{"line":2,"column":0},"end":{"line":2,"column":50}},"2":{"start":{"line":5,"column":0},"end":{"line":5,"column":86}},"3":{"start":{"line":9,"column":0},"end":{"line":19,"column":null}},"4":{"start":{"line":10,"column":22},"end":{"line":10,"column":28}},"5":{"start":{"line":10,"column":48},"end":{"line":10,"column":74}},"6":{"start":{"line":13,"column":4},"end":{"line":13,"column":105}},"7":{"start":{"line":17,"column":4},"end":{"line":17,"column":108}},"8":{"start":{"line":9,"column":13},"end":{"line":19,"column":null}},"9":{"start":{"line":9,"column":13},"end":{"line":9,"column":27}}},"fnMap":{"0":{"name":"(anonymous_0)","decl":{"start":{"line":10,"column":2},"end":{"line":10,"column":22}},"loc":{"start":{"line":10,"column":98},"end":{"line":10,"column":102}}},"1":{"name":"(anonymous_1)","decl":{"start":{"line":12,"column":2},"end":{"line":12,"column":12}},"loc":{"start":{"line":12,"column":12},"end":{"line":14,"column":3}}},"2":{"name":"(anonymous_2)","decl":{"start":{"line":16,"column":2},"end":{"line":16,"column":12}},"loc":{"start":{"line":16,"column":12},"end":{"line":18,"column":3}}}},"branchMap":{},"s":{"0":2,"1":2,"2":2,"3":2,"4":3,"5":3,"6":1,"7":2,"8":2,"9":2},"f":{"0":3,"1":1,"2":2},"b":{}}
,"/home/karthik/cynapseTech/src/main/webapp/app/admin/user-management/user-management.model.ts": {"path":"/home/karthik/cynapseTech/src/main/webapp/app/admin/user-management/user-management.model.ts","statementMap":{"0":{"start":{"line":18,"column":11},"end":{"line":18,"column":22}},"1":{"start":{"line":19,"column":11},"end":{"line":19,"column":25}},"2":{"start":{"line":20,"column":11},"end":{"line":20,"column":36}},"3":{"start":{"line":21,"column":11},"end":{"line":21,"column":35}},"4":{"start":{"line":22,"column":11},"end":{"line":22,"column":25}},"5":{"start":{"line":23,"column":11},"end":{"line":23,"column":30}},"6":{"start":{"line":24,"column":11},"end":{"line":24,"column":27}},"7":{"start":{"line":25,"column":11},"end":{"line":25,"column":33}},"8":{"start":{"line":26,"column":11},"end":{"line":26,"column":29}},"9":{"start":{"line":27,"column":11},"end":{"line":27,"column":29}},"10":{"start":{"line":28,"column":11},"end":{"line":28,"column":34}},"11":{"start":{"line":29,"column":11},"end":{"line":29,"column":34}},"12":{"start":{"line":16,"column":0},"end":{"line":16,"column":13}}},"fnMap":{"0":{"name":"(anonymous_0)","decl":{"start":{"line":17,"column":2},"end":{"line":17,"column":null}},"loc":{"start":{"line":29,"column":34},"end":{"line":30,"column":6}}}},"branchMap":{},"s":{"0":9,"1":9,"2":9,"3":9,"4":9,"5":9,"6":9,"7":9,"8":9,"9":9,"10":9,"11":9,"12":4},"f":{"0":9},"b":{}}
,"/home/karthik/cynapseTech/src/main/webapp/app/admin/user-management/delete/user-management-delete-dialog.component.html": {"path":"/home/karthik/cynapseTech/src/main/webapp/app/admin/user-management/delete/user-management-delete-dialog.component.html","statementMap":{"0":{"start":{"line":1,"column":0},"end":{"line":1,"column":1067}}},"fnMap":{},"branchMap":{},"s":{"0":2},"f":{},"b":{},"inputSourceMap":null,"_coverageSchema":"1a1c01bbd47fc00a2c39e90264f33305004495a9","hash":"cdb74d8d6a036fe30d65f7596de20b97040e6239"}
,"/home/karthik/cynapseTech/src/main/webapp/app/admin/user-management/delete/user-management-delete-dialog.component.ts": {"path":"/home/karthik/cynapseTech/src/main/webapp/app/admin/user-management/delete/user-management-delete-dialog.component.ts","statementMap":{"0":{"start":{"line":1,"column":0},"end":{"line":1,"column":42}},"1":{"start":{"line":2,"column":0},"end":{"line":2,"column":60}},"2":{"start":{"line":5,"column":0},"end":{"line":5,"column":75}},"3":{"start":{"line":11,"column":0},"end":{"line":25,"column":null}},"4":{"start":{"line":14,"column":22},"end":{"line":14,"column":35}},"5":{"start":{"line":14,"column":65},"end":{"line":14,"column":78}},"6":{"start":{"line":17,"column":4},"end":{"line":17,"column":31}},"7":{"start":{"line":21,"column":4},"end":{"line":23,"column":7}},"8":{"start":{"line":22,"column":6},"end":{"line":22,"column":40}},"9":{"start":{"line":11,"column":13},"end":{"line":25,"column":null}},"10":{"start":{"line":11,"column":13},"end":{"line":11,"column":48}}},"fnMap":{"0":{"name":"(anonymous_0)","decl":{"start":{"line":14,"column":2},"end":{"line":14,"column":22}},"loc":{"start":{"line":14,"column":92},"end":{"line":14,"column":96}}},"1":{"name":"(anonymous_1)","decl":{"start":{"line":16,"column":2},"end":{"line":16,"column":8}},"loc":{"start":{"line":16,"column":8},"end":{"line":18,"column":3}}},"2":{"name":"(anonymous_2)","decl":{"start":{"line":20,"column":2},"end":{"line":20,"column":15}},"loc":{"start":{"line":20,"column":29},"end":{"line":24,"column":3}}},"3":{"name":"(anonymous_3)","decl":{"start":{"line":21,"column":45},"end":{"line":21,"column":48}},"loc":{"start":{"line":21,"column":50},"end":{"line":23,"column":5}}}},"branchMap":{},"s":{"0":2,"1":2,"2":2,"3":2,"4":1,"5":1,"6":0,"7":1,"8":1,"9":2,"10":2},"f":{"0":1,"1":0,"2":1,"3":1},"b":{}}
,"/home/karthik/cynapseTech/src/main/webapp/app/admin/user-management/detail/user-management-detail.component.html": {"path":"/home/karthik/cynapseTech/src/main/webapp/app/admin/user-management/detail/user-management-detail.component.html","statementMap":{"0":{"start":{"line":1,"column":0},"end":{"line":1,"column":2356}}},"fnMap":{},"branchMap":{},"s":{"0":1},"f":{},"b":{},"inputSourceMap":null,"_coverageSchema":"1a1c01bbd47fc00a2c39e90264f33305004495a9","hash":"fc56756f0941711a1cfc7dd73f612dc493beb09b"}
,"/home/karthik/cynapseTech/src/main/webapp/app/admin/user-management/detail/user-management-detail.component.ts": {"path":"/home/karthik/cynapseTech/src/main/webapp/app/admin/user-management/detail/user-management-detail.component.ts","statementMap":{"0":{"start":{"line":1,"column":0},"end":{"line":1,"column":50}},"1":{"start":{"line":2,"column":0},"end":{"line":2,"column":49}},"2":{"start":{"line":10,"column":0},"end":{"line":20,"column":null}},"3":{"start":{"line":13,"column":22},"end":{"line":13,"column":29}},"4":{"start":{"line":11,"column":2},"end":{"line":11,"column":27}},"5":{"start":{"line":16,"column":4},"end":{"line":18,"column":7}},"6":{"start":{"line":17,"column":6},"end":{"line":17,"column":23}},"7":{"start":{"line":10,"column":13},"end":{"line":20,"column":null}},"8":{"start":{"line":10,"column":13},"end":{"line":10,"column":42}}},"fnMap":{"0":{"name":"(anonymous_0)","decl":{"start":{"line":13,"column":2},"end":{"line":13,"column":22}},"loc":{"start":{"line":13,"column":43},"end":{"line":13,"column":47}}},"1":{"name":"(anonymous_1)","decl":{"start":{"line":15,"column":2},"end":{"line":15,"column":10}},"loc":{"start":{"line":15,"column":10},"end":{"line":19,"column":3}}},"2":{"name":"(anonymous_2)","decl":{"start":{"line":16,"column":30},"end":{"line":16,"column":31}},"loc":{"start":{"line":16,"column":43},"end":{"line":18,"column":5}}}},"branchMap":{},"s":{"0":1,"1":1,"2":1,"3":1,"4":1,"5":1,"6":1,"7":1,"8":1},"f":{"0":1,"1":1,"2":1},"b":{}}
,"/home/karthik/cynapseTech/src/main/webapp/app/admin/user-management/list/user-management.component.html": {"path":"/home/karthik/cynapseTech/src/main/webapp/app/admin/user-management/list/user-management.component.html","statementMap":{"0":{"start":{"line":1,"column":0},"end":{"line":1,"column":5643}}},"fnMap":{},"branchMap":{},"s":{"0":1},"f":{},"b":{},"inputSourceMap":null,"_coverageSchema":"1a1c01bbd47fc00a2c39e90264f33305004495a9","hash":"28383a6172bbceaa2aa0cc120f1f821d43062b0d"}
,"/home/karthik/cynapseTech/src/main/webapp/app/admin/user-management/list/user-management.component.ts": {"path":"/home/karthik/cynapseTech/src/main/webapp/app/admin/user-management/list/user-management.component.ts","statementMap":{"0":{"start":{"line":1,"column":0},"end":{"line":1,"column":50}},"1":{"start":{"line":3,"column":0},"end":{"line":3,"column":57}},"2":{"start":{"line":4,"column":0},"end":{"line":4,"column":37}},"3":{"start":{"line":5,"column":0},"end":{"line":5,"column":54}},"4":{"start":{"line":7,"column":0},"end":{"line":7,"column":65}},"5":{"start":{"line":8,"column":0},"end":{"line":8,"column":63}},"6":{"start":{"line":10,"column":0},"end":{"line":10,"column":75}},"7":{"start":{"line":12,"column":0},"end":{"line":12,"column":104}},"8":{"start":{"line":18,"column":0},"end":{"line":110,"column":null}},"9":{"start":{"line":29,"column":12},"end":{"line":29,"column":25}},"10":{"start":{"line":30,"column":12},"end":{"line":30,"column":28}},"11":{"start":{"line":31,"column":12},"end":{"line":31,"column":28}},"12":{"start":{"line":32,"column":12},"end":{"line":32,"column":20}},"13":{"start":{"line":33,"column":12},"end":{"line":33,"column":26}},"14":{"start":{"line":19,"column":2},"end":{"line":19,"column":40}},"15":{"start":{"line":20,"column":2},"end":{"line":20,"column":30}},"16":{"start":{"line":21,"column":2},"end":{"line":21,"column":20}},"17":{"start":{"line":22,"column":2},"end":{"line":22,"column":17}},"18":{"start":{"line":23,"column":2},"end":{"line":23,"column":32}},"19":{"start":{"line":37,"column":4},"end":{"line":37,"column":89}},"20":{"start":{"line":37,"column":57},"end":{"line":37,"column":86}},"21":{"start":{"line":38,"column":4},"end":{"line":38,"column":28}},"22":{"start":{"line":42,"column":4},"end":{"line":42,"column":97}},"23":{"start":{"line":42,"column":81},"end":{"line":42,"column":95}},"24":{"start":{"line":46,"column":4},"end":{"line":46,"column":20}},"25":{"start":{"line":50,"column":21},"end":{"line":50,"column":116}},"26":{"start":{"line":51,"column":4},"end":{"line":51,"column":43}},"27":{"start":{"line":53,"column":4},"end":{"line":57,"column":7}},"28":{"start":{"line":54,"column":6},"end":{"line":56,"column":null}},"29":{"start":{"line":55,"column":8},"end":{"line":55,"column":23}},"30":{"start":{"line":61,"column":4}
[...]
,"/home/karthik/cynapseTech/src/main/webapp/app/shared/auth/has-any-authority.directive.ts": {"path":"/home/karthik/cynapseTech/src/main/webapp/app/shared/auth/has-any-authority.directive.ts","statementMap":{"0":{"start":{"line":1,"column":0},"end":{"line":1,"column":91}},"1":{"start":{"line":2,"column":0},"end":{"line":2,"column":31}},"2":{"start":{"line":3,"column":0},"end":{"line":3,"column":43}},"3":{"start":{"line":5,"column":0},"end":{"line":5,"column":63}},"4":{"start":{"line":21,"column":0},"end":{"line":53,"column":null}},"5":{"start":{"line":26,"column":22},"end":{"line":26,"column":38}},"6":{"start":{"line":26,"column":62},"end":{"line":26,"column":75}},"7":{"start":{"line":26,"column":101},"end":{"line":26,"column":119}},"8":{"start":{"line":24,"column":19},"end":{"line":24,"column":50}},"9":{"start":{"line":30,"column":4},"end":{"line":30,"column":29}},"10":{"start":{"line":31,"column":4},"end":{"line":31,"column":22}},"11":{"start":{"line":33,"column":4},"end":{"line":38,"column":9}},"12":{"start":{"line":37,"column":8},"end":{"line":37,"column":26}},"13":{"start":{"line":42,"column":4},"end":{"line":42,"column":25}},"14":{"start":{"line":43,"column":4},"end":{"line":43,"column":29}},"15":{"start":{"line":47,"column":28},"end":{"line":47,"column":81}},"16":{"start":{"line":48,"column":4},"end":{"line":48,"column":34}},"17":{"start":{"line":49,"column":4},"end":{"line":51,"column":null}},"18":{"start":{"line":50,"column":6},"end":{"line":50,"column":65}},"19":{"start":{"line":29,"column":2},"end":{"line":39,"column":null}},"20":{"start":{"line":21,"column":13},"end":{"line":53,"column":null}},"21":{"start":{"line":21,"column":13},"end":{"line":21,"column":37}}},"fnMap":{"0":{"name":"(anonymous_0)","decl":{"start":{"line":26,"column":2},"end":{"line":26,"column":22}},"loc":{"start":{"line":26,"column":135},"end":{"line":26,"column":139}}},"1":{"name":"(anonymous_1)","decl":{"start":{"line":29,"column":2},"end":{"line":29,"column":6}},"loc":{"start":{"line":29,"column":49},"end":{"line":39,"column":3}}},"2":{"name":"(anonymous_2)","decl":{"start":{"line":36,"column":17},"end":{"line":36,"column":20}},"loc":{"start":{"line":36,"column":22},"end":{"line":38,"column":7}}},"3":{"name":"(anonymous_3)","decl":{"start":{"line":41,"column":2},"end":{"line":41,"column":13}},"loc":{"start":{"line":41,"column":13},"end":{"line":44,"column":3}}},"4":{"name":"(anonymous_4)","decl":{"start":{"line":46,"column":10},"end":{"line":46,"column":20}},"loc":{"start":{"line":46,"column":20},"end":{"line":52,"column":3}}}},"branchMap":{"0":{"loc":{"start":{"line":49,"column":4},"end":{"line":51,"column":null}},"type":"if","locations":[{"start":{"line":49,"column":4},"end":{"line":51,"column":null}},{"start":{"line":49,"column":4},"end":{"line":51,"column":null}}]}},"s":{"0":1,"1":1,"2":1,"3":1,"4":1,"5":4,"6":4,"7":4,"8":4,"9":4,"10":4,"11":4,"12":3,"13":4,"14":4,"15":7,"16":7,"17":7,"18":5,"19":1,"20":1,"21":1},"f":{"0":4,"1":4,"2":3,"3":4,"4":7},"b":{"0":[5,2]}}
,"/home/karthik/cynapseTech/src/main/webapp/app/shared/date/format-medium-date.pipe.ts": {"path":"/home/karthik/cynapseTech/src/main/webapp/app/shared/date/format-medium-date.pipe.ts","statementMap":{"0":{"start":{"line":1,"column":0},"end":{"line":1,"column":52}},"1":{"start":{"line":8,"column":0},"end":{"line":12,"column":null}},"2":{"start":{"line":10,"column":4},"end":{"line":10,"column":47}},"3":{"start":{"line":8,"column":13},"end":{"line":12,"column":null}},"4":{"start":{"line":8,"column":13},"end":{"line":8,"column":33}}},"fnMap":{"0":{"name":"(anonymous_0)","decl":{"start":{"line":9,"column":2},"end":{"line":9,"column":11}},"loc":{"start":{"line":9,"column":47},"end":{"line":11,"column":3}}}},"branchMap":{"0":{"loc":{"start":{"line":10,"column":17},"end":{"line":10,"column":41}},"type":"cond-expr","locations":[{"start":{"line":10,"column":17},"end":{"line":10,"column":41}},{"start":{"line":10,"column":44},"end":{"line":10,"column":46}}]}},"s":{"0":1,"1":1,"2":3,"3":1,"4":1},"f":{"0":3},"b":{"0":[1,2]}}
,"/home/karthik/cynapseTech/src/main/webapp/app/shared/date/format-medium-datetime.pipe.ts": {"path":"/home/karthik/cynapseTech/src/main/webapp/app/shared/date/format-medium-datetime.pipe.ts","statementMap":{"0":{"start":{"line":1,"column":0},"end":{"line":1,"column":52}},"1":{"start":{"line":8,"column":0},"end":{"line":12,"column":null}},"2":{"start":{"line":10,"column":4},"end":{"line":10,"column":56}},"3":{"start":{"line":8,"column":13},"end":{"line":12,"column":null}},"4":{"start":{"line":8,"column":13},"end":{"line":8,"column":37}}},"fnMap":{"0":{"name":"(anonymous_0)","decl":{"start":{"line":9,"column":2},"end":{"line":9,"column":11}},"loc":{"start":{"line":9,"column":47},"end":{"line":11,"column":3}}}},"branchMap":{"0":{"loc":{"start":{"line":10,"column":17},"end":{"line":10,"column":50}},"type":"cond-expr","locations":[{"start":{"line":10,"column":17},"end":{"line":10,"column":50}},{"start":{"line":10,"column":53},"end":{"line":10,"column":55}}]}},"s":{"0":1,"1":1,"2":3,"3":1,"4":1},"f":{"0":3},"b":{"0":[1,2]}}
,"/home/karthik/cynapseTech/src/main/webapp/app/shared/language/translate.directive.ts": {"path":"/home/karthik/cynapseTech/src/main/webapp/app/shared/language/translate.directive.ts","statementMap":{"0":{"start":{"line":1,"column":0},"end":{"line":1,"column":91}},"1":{"start":{"line":2,"column":0},"end":{"line":2,"column":55}},"2":{"start":{"line":3,"column":0},"end":{"line":3,"column":31}},"3":{"start":{"line":4,"column":0},"end":{"line":4,"column":43}},"4":{"start":{"line":6,"column":0},"end":{"line":6,"column":75}},"5":{"start":{"line":14,"column":0},"end":{"line":48,"column":null}},"6":{"start":{"line":20,"column":22},"end":{"line":20,"column":26}},"7":{"start":{"line":20,"column":46},"end":{"line":20,"column":64}},"8":{"start":{"line":18,"column":19},"end":{"line":18,"column":61}},"9":{"start":{"line":23,"column":4},"end":{"line":25,"column":7}},"10":{"start":{"line":24,"column":6},"end":{"line":24,"column":28}},"11":{"start":{"line":29,"column":4},"end":{"line":29,"column":26}},"12":{"start":{"line":33,"column":4},"end":{"line":33,"column":35}},"13":{"start":{"line":34,"column":4},"end":{"line":34,"column":39}},"14":{"start":{"line":38,"column":4},"end":{"line":46,"column":8}},"15":{"start":{"line":43,"column":10},"end":{"line":43,"column":50}},"16":{"start":{"line":45,"column":14},"end":{"line":45,"column":67}},"17":{"start":{"line":15,"column":11},"end":{"line":15,"column":null}},"18":{"start":{"line":16,"column":11},"end":{"line":16,"column":null}},"19":{"start":{"line":14,"column":13},"end":{"line":48,"column":null}},"20":{"start":{"line":14,"column":13},"end":{"line":14,"column":31}}},"fnMap":{"0":{"name":"(anonymous_0)","decl":{"start":{"line":20,"column":2},"end":{"line":20,"column":22}},"loc":{"start":{"line":20,"column":80},"end":{"line":20,"column":84}}},"1":{"name":"(anonymous_1)","decl":{"start":{"line":22,"column":2},"end":{"line":22,"column":10}},"loc":{"start":{"line":22,"column":10},"end":{"line":26,"column":3}}},"2":{"name":"(anonymous_2)","decl":{"start":{"line":23,"column":90},"end":{"line":23,"column":93}},"loc":{"start":{"line":23,"column":95},"end":{"line":25,"column":5}}},"3":{"name":"(anonymous_3)","decl":{"start":{"line":28,"column":2},"end":{"line":28,"column":13}},"loc":{"start":{"line":28,"column":13},"end":{"line":30,"column":3}}},"4":{"name":"(anonymous_4)","decl":{"start":{"line":32,"column":2},"end":{"line":32,"column":13}},"loc":{"start":{"line":32,"column":13},"end":{"line":35,"column":3}}},"5":{"name":"(anonymous_5)","decl":{"start":{"line":37,"column":10},"end":{"line":37,"column":24}},"loc":{"start":{"line":37,"column":24},"end":{"line":47,"column":3}}},"6":{"name":"(anonymous_6)","decl":{"start":{"line":42,"column":8},"end":{"line":42,"column":13}},"loc":{"start":{"line":42,"column":16},"end":{"line":44,"column":9}}},"7":{"name":"(anonymous_7)","decl":{"start":{"line":45,"column":8},"end":{"line":45,"column":11}},"loc":{"start":{"line":45,"column":14},"end":{"line":45,"column":67}}}},"branchMap":{},"s":{"0":2,"1":2,"2":2,"3":2,"4":2,"5":2,"6":3,"7":3,"8":3,"9":1,"10":0,"11":1,"12":1,"13":1,"14":1,"15":1,"16":0,"17":2,"18":2,"19":2,"20":2},"f":{"0":3,"1":1,"2":0,"3":1,"4":1,"5":1,"6":1,"7":0},"b":{}}
,"/home/karthik/cynapseTech/src/main/webapp/app/shared/pagination/item-count.component.ts": {"path":"/home/karthik/cynapseTech/src/main/webapp/app/shared/pagination/item-count.component.ts","statementMap":{"0":{"start":{"line":1,"column":0},"end":{"line":1,"column":49}},"1":{"start":{"line":10,"column":0},"end":{"line":31,"column":null}},"2":{"start":{"line":18,"column":4},"end":{"line":24,"column":null}},"3":{"start":{"line":19,"column":6},"end":{"line":19,"column":115}},"4":{"start":{"line":20,"column":6},"end":{"line":20,"column":130}},"5":{"start":{"line":22,"column":6},"end":{"line":22,"column":29}},"6":{"start":{"line":23,"column":6},"end":{"line":23,"column":30}},"7":{"start":{"line":25,"column":4},"end":{"line":25,"column":35}},"8":{"start":{"line":17,"column":11},"end":{"line":26,"column":null}},"9":{"start":{"line":10,"column":13},"end":{"line":31,"column":null}},"10":{"start":{"line":10,"column":13},"end":{"line":10,"column":31}}},"fnMap":{"0":{"name":"(anonymous_0)","decl":{"start":{"line":17,"column":11},"end":{"line":17,"column":15}},"loc":{"start":{"line":17,"column":91},"end":{"line":26,"column":3}}}},"branchMap":{"0":{"loc":{"start":{"line":18,"column":4},"end":{"line":24,"column":null}},"type":"if","locations":[{"start":{"line":18,"column":4},"end":{"line":24,"column":null}},{"start":{"line":18,"column":4},"end":{"line":24,"column":null}}]},"1":{"loc":{"start":{"line":18,"column":8},"end":{"line":18,"column":33}},"type":"binary-expr","locations":[{"start":{"line":18,"column":8},"end":{"line":18,"column":33}},{"start":{"line":18,"column":37},"end":{"line":18,"column":68}},{"start":{"line":18,"column":72},"end":{"line":18,"column":105}}]},"2":{"loc":{"start":{"line":19,"column":67},"end":{"line":19,"column":68}},"type":"cond-expr","locations":[{"start":{"line":19,"column":67},"end":{"line":19,"column":68}},{"start":{"line":19,"column":71},"end":{"line":19,"column":114}}]},"3":{"loc":{"start":{"line":20,"column":76},"end":{"line":20,"column":109}},"type":"cond-expr","locations":[{"start":{"line":20,"column":76},"end":{"line":20,"column":109}},{"start":{"line":20,"column":112},"end":{"line":20,"column":129}}]}},"s":{"0":1,"1":1,"2":2,"3":2,"4":2,"5":0,"6":0,"7":2,"8":1,"9":1,"10":1},"f":{"0":2},"b":{"0":[2,0],"1":[2,2,2],"2":[1,1],"3":[2,0]}}
,"/home/karthik/cynapseTech/src/main/webapp/app/shared/sort/sort-by.directive.ts": {"path":"/home/karthik/cynapseTech/src/main/webapp/app/shared/sort/sort-by.directive.ts","statementMap":{"0":{"start":{"line":1,"column":0},"end":{"line":1,"column":112}},"1":{"start":{"line":2,"column":0},"end":{"line":2,"column":31}},"2":{"start":{"line":3,"column":0},"end":{"line":3,"column":43}},"3":{"start":{"line":4,"column":0},"end":{"line":4,"column":67}},"4":{"start":{"line":5,"column":0},"end":{"line":5,"column":97}},"5":{"start":{"line":7,"column":0},"end":{"line":7,"column":49}},"6":{"start":{"line":12,"column":0},"end":{"line":53,"column":null}},"7":{"start":{"line":24,"column":30},"end":{"line":24,"column":36}},"8":{"start":{"line":18,"column":2},"end":{"line":18,"column":20}},"9":{"start":{"line":19,"column":2},"end":{"line":19,"column":25}},"10":{"start":{"line":20,"column":2},"end":{"line":20,"column":28}},"11":{"start":{"line":22,"column":19},"end":{"line":22,"column":50}},"12":{"start":{"line":25,"column":4},"end":{"line":25,"column":101}},"13":{"start":{"line":25,"column":72},"end":{"line":25,"column":99}},"14":{"start":{"line":26,"column":4},"end":{"line":26,"column":101}},"15":{"start":{"line":26,"column":72},"end":{"line":26,"column":99}},"16":{"start":{"line":31,"column":4},"end":{"line":31,"column":35}},"17":{"start":{"line":35,"column":4},"end":{"line":35,"column":32}},"18":{"start":{"line":39,"column":4},"end":{"line":39,"column":25}},"19":{"start":{"line":40,"column":4},"end":{"line":40,"column":29}},"20":{"start":{"line":44,"column":4},"end":{"line":51,"column":null}},"21":{"start":{"line":45,"column":33},"end":{"line":45,"column":46}},"22":{"start":{"line":46,"column":6},"end":{"line":48,"column":null}},"23":{"start":{"line":47,"column":8},"end":{"line":47,"column":74}},"24":{"start":{"line":49,"column":6},"end":{"line":49,"column":46}},"25":{"start":{"line":50,"column":6},"end":{"line":50,"column":34}},"26":{"start":{"line":13,"column":11},"end":{"line":13,"column":null}},"27":{"start":{"line":16,"column":2},"end":{"line":16,"column":null}},"28":{"start":{"line":30,"column":2},"end":{"line":32,"column":null}},"29":{"start":{"line":12,"column":13},"end":{"line":53,"column":null}},"30":{"start":{"line":12,"column":13},"end":{"line":12,"column":28}}},"fnMap":{"0":{"name":"(anonymous_0)","decl":{"start":{"line":24,"column":2},"end":{"line":24,"column":15}},"loc":{"start":{"line":24,"column":52},"end":{"line":27,"column":3}}},"1":{"name":"(anonymous_1)","decl":{"start":{"line":25,"column":66},"end":{"line":25,"column":69}},"loc":{"start":{"line":25,"column":72},"end":{"line":25,"column":99}}},"2":{"name":"(anonymous_2)","decl":{"start":{"line":26,"column":66},"end":{"line":26,"column":69}},"loc":{"start":{"line":26,"column":72},"end":{"line":26,"column":99}}},"3":{"name":"(anonymous_3)","decl":{"start":{"line":30,"column":2},"end":{"line":30,"column":9}},"loc":{"start":{"line":30,"column":9},"end":{"line":32,"column":3}}},"4":{"name":"(anonymous_4)","decl":{"start":{"line":34,"column":2},"end":{"line":34,"column":20}},"loc":{"start":{"line":34,"column":20},"end":{"line":36,"column":3}}},"5":{"name":"(anonymous_5)","decl":{"start":{"line":38,"column":2},"end":{"line":38,"column":13}},"loc":{"start":{"line":38,"column":13},"end":{"line":41,"column":3}}},"6":{"name":"(anonymous_6)","decl":{"start":{"line":43,"column":10},"end":{"line":43,"column":30}},"loc":{"start":{"line":43,"column":30},"end":{"line":52,"column":3}}}},"branchMap":{"0":{"loc":{"start":{"line":44,"column":4},"end":{"line":51,"column":null}},"type":"if","locations":[{"start":{"line":44,"column":4},"end":{"line":51,"column":null}},{"start":{"line":44,"column":4},"end":{"line":51,"column":null}}]},"1":{"loc":{"start":{"line":46,"column":6},"end":{"line":48,"column":null}},"type":"if","locations":[{"start":{"line":46,"column":6},"end":{"line":48,"column":null}},{"start":{"line":46,"column":6},"end":{"line":48,"column":null}}]},"2":{"loc":{"start":{"line":47,"column":37},"end":{"line":47,"column":53}},"type":"cond-expr","locations":[{"start":{"line":47,"column":37},"end":{"line":47,"column":53}},{"start":{"line":47,"column":56},"end":{"line":47,"column":73}}]}},"s":{"0":1,"1":1,"2":1,"3":1,"4":1,"5":1,"6":1,"7":6,"8":6,"9":6,"10":6,"11":6,"12":6,"13":12,"14":6,"15":15,"16":4,"17":6,"18":5,"19":5,"20":33,"21":33,"22":33,"23":18,"24":33,"25":33,"26":1,"27":1,"28":1,"29":1,"30":1},"f":{"0":6,"1":12,"2":15,"3":4,"4":6,"5":5,"6":33},"b":{"0":[33,0],"1":[18,15],"2":[8,10]}}
,"/home/karthik/cynapseTech/src/main/webapp/app/shared/sort/sort.directive.ts": {"path":"/home/karthik/cynapseTech/src/main/webapp/app/shared/sort/sort.directive.ts","statementMap":{"0":{"start":{"line":1,"column":0},"end":{"line":1,"column":71}},"1":{"start":{"line":6,"column":0},"end":{"line":42,"column":null}},"2":{"start":{"line":27,"column":12},"end":{"line":27,"column":52}},"3":{"start":{"line":28,"column":12},"end":{"line":28,"column":58}},"4":{"start":{"line":9,"column":4},"end":{"line":9,"column":27}},"5":{"start":{"line":12,"column":4},"end":{"line":12,"column":32}},"6":{"start":{"line":13,"column":4},"end":{"line":13,"column":41}},"7":{"start":{"line":18,"column":4},"end":{"line":18,"column":27}},"8":{"start":{"line":21,"column":4},"end":{"line":21,"column":32}},"9":{"start":{"line":22,"column":4},"end":{"line":22,"column":41}},"10":{"start":{"line":34,"column":4},"end":{"line":40,"column":null}},"11":{"start":{"line":35,"column":6},"end":{"line":35,"column":73}},"12":{"start":{"line":36,"column":6},"end":{"line":36,"column":29}},"13":{"start":{"line":37,"column":6},"end":{"line":37,"column":39}},"14":{"start":{"line":38,"column":6},"end":{"line":38,"column":48}},"15":{"start":{"line":39,"column":6},"end":{"line":39,"column":11}},"16":{"start":{"line":8,"column":2},"end":{"line":10,"column":null}},"17":{"start":{"line":17,"column":2},"end":{"line":19,"column":null}},"18":{"start":{"line":25,"column":11},"end":{"line":25,"column":null}},"19":{"start":{"line":27,"column":12},"end":{"line":27,"column":null}},"20":{"start":{"line":28,"column":12},"end":{"line":28,"column":null}},"21":{"start":{"line":6,"column":13},"end":{"line":42,"column":null}},"22":{"start":{"line":6,"column":13},"end":{"line":6,"column":26}}},"fnMap":{"0":{"name":"(anonymous_0)","decl":{"start":{"line":6,"column":0},"end":{"line":6,"column":13}},"loc":{"start":{"line":6,"column":0},"end":{"line":42,"column":1}}},"1":{"name":"(anonymous_1)","decl":{"start":{"line":8,"column":2},"end":{"line":8,"column":6}},"loc":{"start":{"line":8,"column":15},"end":{"line":10,"column":3}}},"2":{"name":"(anonymous_2)","decl":{"start":{"line":11,"column":2},"end":{"line":11,"column":6}},"loc":{"start":{"line":11,"column":40},"end":{"line":14,"column":3}}},"3":{"name":"(anonymous_3)","decl":{"start":{"line":17,"column":2},"end":{"line":17,"column":6}},"loc":{"start":{"line":17,"column":15},"end":{"line":19,"column":3}}},"4":{"name":"(anonymous_4)","decl":{"start":{"line":20,"column":2},"end":{"line":20,"column":6}},"loc":{"start":{"line":20,"column":46},"end":{"line":23,"column":3}}},"5":{"name":"(anonymous_5)","decl":{"start":{"line":33,"column":2},"end":{"line":33,"column":6}},"loc":{"start":{"line":33,"column":16},"end":{"line":41,"column":3}}}},"branchMap":{"0":{"loc":{"start":{"line":34,"column":4},"end":{"line":40,"column":null}},"type":"if","locations":[{"start":{"line":34,"column":4},"end":{"line":40,"column":null}},{"start":{"line":34,"column":4},"end":{"line":40,"column":null}}]},"1":{"loc":{"start":{"line":35,"column":50},"end":{"line":35,"column":54}},"type":"cond-expr","locations":[{"start":{"line":35,"column":50},"end":{"line":35,"column":54}},{"start":{"line":35,"column":57},"end":{"line":35,"column":72}}]},"2":{"loc":{"start":{"line":39,"column":19},"end":{"line":39,"column":24}},"type":"cond-expr","locations":[{"start":{"line":39,"column":19},"end":{"line":39,"column":24}},{"start":{"line":39,"column":19},"end":{"line":39,"column":11}}]},"3":{"loc":{"start":{"line":39,"column":6},"end":{"line":39,"column":24}},"type":"binary-expr","locations":[{"start":{"line":39,"column":6},"end":{"line":39,"column":24}},{"start":{"line":39,"column":19},"end":{"line":39,"column":24}}]}},"s":{"0":2,"1":2,"2":9,"3":9,"4":50,"5":17,"6":17,"7":30,"8":20,"9":20,"10":9,"11":8,"12":8,"13":8,"14":8,"15":8,"16":2,"17":2,"18":2,"19":2,"20":2,"21":2,"22":2},"f":{"0":9,"1":50,"2":17,"3":30,"4":20,"5":9},"b":{"0":[8,1],"1":[4,4],"2":[0,8],"3":[8,8]}}
}
