TN:
SF:src/main/webapp/app/app.constants.ts
FNF:0
FNH:0
DA:5,1
DA:6,1
DA:7,1
DA:8,1
LF:4
LH:4
BRDA:7,0,0,0
BRDA:7,0,1,1
BRDA:7,1,0,1
BRDA:7,1,1,1
BRF:4
BRH:3
end_of_record
TN:
SF:src/main/webapp/app/account/activate/activate.component.html
FNF:0
FNH:0
DA:1,1
LF:1
LH:1
BRF:0
BRH:0
end_of_record
TN:
SF:src/main/webapp/app/account/activate/activate.component.ts
FN:15,(anonymous_0)
FN:17,(anonymous_1)
FN:18,(anonymous_2)
FN:19,(anonymous_3)
FN:20,(anonymous_4)
FNF:5
FNH:5
FNDA:3,(anonymous_0)
FNDA:3,(anonymous_1)
FNDA:3,(anonymous_2)
FNDA:1,(anonymous_3)
FNDA:1,(anonymous_4)
DA:1,1
DA:2,1
DA:3,1
DA:5,1
DA:11,1
DA:12,3
DA:13,3
DA:15,3
DA:18,3
DA:19,1
DA:20,1
LF:11
LH:11
BRF:0
BRH:0
end_of_record
TN:
SF:src/main/webapp/app/account/activate/activate.service.ts
FN:9,(anonymous_0)
FN:11,(anonymous_1)
FNF:2
FNH:1
FNDA:3,(anonymous_0)
FNDA:0,(anonymous_1)
DA:1,1
DA:2,1
DA:5,1
DA:8,1
DA:9,3
DA:12,0
LF:6
LH:5
BRF:0
BRH:0
end_of_record
TN:
SF:src/main/webapp/app/account/password/password.component.html
FNF:0
FNH:0
DA:1,1
LF:1
LH:1
BRF:0
BRH:0
end_of_record
TN:
SF:src/main/webapp/app/account/password/password.component.ts
FN:24,(anonymous_0)
FN:26,(anonymous_1)
FN:30,(anonymous_2)
FN:40,(anonymous_3)
FN:41,(anonymous_4)
FNF:5
FNH:4
FNDA:4,(anonymous_0)
FNDA:0,(anonymous_1)
FNDA:4,(anonymous_2)
FNDA:2,(anonymous_3)
FNDA:1,(anonymous_4)
DA:1,1
DA:2,1
DA:5,1
DA:7,1
DA:13,1
DA:14,4
DA:15,4
DA:16,4
DA:18,4
DA:24,4
DA:27,0
DA:31,4
DA:32,4
DA:33,4
DA:35,4
DA:36,4
DA:37,1
DA:39,3
DA:40,2
DA:41,1
LF:20
LH:19
BRDA:36,0,0,1
BRDA:36,0,1,3
BRF:2
BRH:2
end_of_record
TN:
SF:src/main/webapp/app/account/password/password.service.ts
FN:9,(anonymous_0)
FN:11,(anonymous_1)
FNF:2
FNH:1
FNDA:4,(anonymous_0)
FNDA:0,(anonymous_1)
DA:1,1
DA:2,1
DA:5,1
DA:8,1
DA:9,4
DA:12,0
LF:6
LH:5
BRF:0
BRH:0
end_of_record
TN:
SF:src/main/webapp/app/account/password-reset/finish/password-reset-finish.component.html
FNF:0
FNH:0
DA:1,1
LF:1
LH:1
BRF:0
BRH:0
end_of_record
TN:
SF:src/main/webapp/app/account/password-reset/finish/password-reset-finish.component.ts
FN:26,(anonymous_0)
FN:28,(anonymous_1)
FN:29,(anonymous_2)
FN:37,(anonymous_3)
FN:43,(anonymous_4)
FN:54,(anonymous_5)
FN:55,(anonymous_6)
FNF:7
FNH:7
FNDA:10,(anonymous_0)
FNDA:5,(anonymous_1)
FNDA:5,(anonymous_2)
FNDA:1,(anonymous_3)
FNDA:3,(anonymous_4)
FNDA:1,(anonymous_5)
FNDA:1,(anonymous_6)
DA:1,1
DA:2,1
DA:3,1
DA:5,1
DA:11,1
DA:13,1
DA:15,10
DA:16,10
DA:17,10
DA:18,10
DA:19,10
DA:21,10
DA:26,10
DA:29,5
DA:30,5
DA:31,5
DA:33,5
DA:38,1
DA:39,1
DA:44,3
DA:45,3
DA:47,3
DA:48,3
DA:50,3
DA:51,1
DA:53,2
DA:54,1
DA:55,1
LF:28
LH:28
BRDA:30,0,0,5
BRDA:30,0,1,0
BRDA:38,1,0,1
BRDA:38,1,1,0
BRDA:50,2,0,1
BRDA:50,2,1,2
BRF:6
BRH:4
end_of_record
TN:
SF:src/main/webapp/app/account/password-reset/finish/password-reset-finish.service.ts
FN:9,(anonymous_0)
FN:11,(anonymous_1)
FNF:2
FNH:1
FNDA:5,(anonymous_0)
FNDA:0,(anonymous_1)
DA:1,1
DA:2,1
DA:5,1
DA:8,1
DA:9,5
DA:12,0
LF:6
LH:5
BRF:0
BRH:0
end_of_record
TN:
SF:src/main/webapp/app/account/password-reset/init/password-reset-init.component.html
FNF:0
FNH:0
DA:1,1
LF:1
LH:1
BRF:0
BRH:0
end_of_record
TN:
SF:src/main/webapp/app/account/password-reset/init/password-reset-init.component.ts
FN:19,(anonymous_0)
FN:21,(anonymous_1)
FN:27,(anonymous_2)
FN:28,(anonymous_3)
FNF:4
FNH:4
FNDA:3,(anonymous_0)
FNDA:1,(anonymous_1)
FNDA:2,(anonymous_2)
FNDA:1,(anonymous_3)
DA:1,1
DA:2,1
DA:4,1
DA:10,1
DA:12,1
DA:14,3
DA:15,3
DA:19,3
DA:22,1
DA:23,1
DA:28,2
LF:11
LH:11
BRDA:22,0,0,1
BRDA:22,0,1,0
BRF:2
BRH:1
end_of_record
TN:
SF:src/main/webapp/app/account/password-reset/init/password-reset-init.service.ts
FN:9,(anonymous_0)
FN:11,(anonymous_1)
FNF:2
FNH:1
FNDA:3,(anonymous_0)
FNDA:0,(anonymous_1)
DA:1,1
DA:2,1
DA:5,1
DA:8,1
DA:9,3
DA:12,0
LF:6
LH:5
BRF:0
BRH:0
end_of_record
TN:
SF:src/main/webapp/app/account/password/password-strength-bar/password-strength-bar.component.html
FNF:0
FNH:0
DA:1,1
LF:1
LH:1
BRF:0
BRH:0
end_of_record
TN:
SF:src/main/webapp/app/account/password/password-strength-bar/password-strength-bar.component.ts
FN:11,(anonymous_0)
FN:13,(anonymous_1)
FN:22,(anonymous_2)
FN:38,(anonymous_3)
FN:55,(anonymous_4)
FNF:5
FNH:4
FNDA:3,(anonymous_0)
FNDA:10,(anonymous_1)
FNDA:40,(anonymous_2)
FNDA:7,(anonymous_3)
FNDA:0,(anonymous_4)
DA:1,1
DA:8,1
DA:9,3
DA:11,3
DA:14,10
DA:15,10
DA:16,10
DA:17,10
DA:18,10
DA:19,10
DA:21,10
DA:22,40
DA:24,10
DA:25,10
DA:28,10
DA:31,10
DA:32,10
DA:33,10
DA:35,10
DA:39,7
DA:40,7
DA:41,4
DA:42,1
DA:43,3
DA:44,1
DA:45,2
DA:46,1
DA:48,1
DA:51,7
DA:55,1
DA:56,0
DA:57,0
DA:58,0
DA:59,0
DA:60,0
DA:62,0
DA:63,0
DA:64,0
DA:65,0
DA:67,0
LF:40
LH:30
BRDA:24,0,0,1
BRDA:24,0,1,9
BRDA:28,1,0,7
BRDA:28,1,1,3
BRDA:31,2,0,2
BRDA:31,2,1,8
BRDA:32,3,0,0
BRDA:32,3,1,10
BRDA:33,4,0,2
BRDA:33,4,1,8
BRDA:40,5,0,4
BRDA:40,5,1,3
BRDA:41,6,0,1
BRDA:41,6,1,3
BRDA:43,7,0,1
BRDA:43,7,1,2
BRDA:45,8,0,1
BRDA:45,8,1,1
BRDA:56,9,0,0
BRDA:56,9,1,0
BRDA:59,10,0,0
BRDA:59,10,1,0
BRDA:64,11,0,0
BRDA:64,11,1,0
BRF:24
BRH:17
end_of_record
TN:
SF:src/main/webapp/app/account/register/register.component.html
FNF:0
FNH:0
DA:1,1
LF:1
LH:1
BRF:0
BRH:0
end_of_record
TN:
SF:src/main/webapp/app/account/register/register.component.ts
FN:38,(anonymous_0)
FN:40,(anonymous_1)
FN:46,(anonymous_2)
FN:59,(anonymous_3)
FN:60,(anonymous_4)
FN:65,(anonymous_5)
FNF:6
FNH:5
FNDA:5,(anonymous_0)
FNDA:0,(anonymous_1)
FNDA:5,(anonymous_2)
FNDA:1,(anonymous_3)
FNDA:3,(anonymous_4)
FNDA:3,(anonymous_5)
DA:1,1
DA:3,1
DA:4,1
DA:6,1
DA:7,1
DA:13,1
DA:15,1
DA:17,5
DA:18,5
DA:19,5
DA:20,5
DA:21,5
DA:23,5
DA:38,5
DA:41,0
DA:42,0
DA:47,5
DA:48,5
DA:49,5
DA:50,5
DA:52,5
DA:53,5
DA:54,1
DA:56,4
DA:57,4
DA:58,4
DA:59,1
DA:60,3
DA:66,3
DA:67,1
DA:68,2
DA:69,1
DA:71,1
LF:33
LH:31
BRDA:41,0,0,0
BRDA:41,0,1,0
BRDA:53,1,0,1
BRDA:53,1,1,4
BRDA:66,2,0,1
BRDA:66,2,1,2
BRDA:66,3,0,3
BRDA:66,3,1,2
BRDA:68,4,0,1
BRDA:68,4,1,1
BRDA:68,5,0,2
BRDA:68,5,1,1
BRF:12
BRH:10
end_of_record
TN:
SF:src/main/webapp/app/account/register/register.service.ts
FN:10,(anonymous_0)
FN:12,(anonymous_1)
FNF:2
FNH:1
FNDA:5,(anonymous_0)
FNDA:0,(anonymous_1)
DA:1,1
DA:2,1
DA:5,1
DA:9,1
DA:10,5
DA:13,0
LF:6
LH:5
BRF:0
BRH:0
end_of_record
TN:
SF:src/main/webapp/app/account/settings/settings.component.html
FNF:0
FNH:0
DA:1,1
LF:1
LH:1
BRF:0
BRH:0
end_of_record
TN:
SF:src/main/webapp/app/account/settings/settings.component.ts
FN:24,(anonymous_0)
FN:26,(anonymous_1)
FN:27,(anonymous_2)
FN:41,(anonymous_3)
FN:49,(anonymous_4)
FNF:5
FNH:5
FNDA:3,(anonymous_0)
FNDA:3,(anonymous_1)
FNDA:3,(anonymous_2)
FNDA:3,(anonymous_3)
FNDA:2,(anonymous_4)
DA:1,1
DA:2,1
DA:3,1
DA:5,1
DA:7,1
DA:13,1
DA:15,3
DA:16,3
DA:17,3
DA:24,3
DA:27,3
DA:28,3
DA:29,3
DA:36,3
DA:42,3
DA:44,3
DA:45,3
DA:46,3
DA:47,3
DA:49,3
DA:50,2
DA:52,2
DA:54,2
DA:55,2
LF:24
LH:24
BRDA:28,0,0,3
BRDA:28,0,1,0
BRDA:54,1,0,2
BRDA:54,1,1,0
BRF:4
BRH:2
end_of_record
TN:
SF:src/main/webapp/app/admin/configuration/configuration.component.html
FNF:0
FNH:0
DA:1,1
LF:1
LH:1
BRF:0
BRH:0
end_of_record
TN:
SF:src/main/webapp/app/admin/configuration/configuration.component.ts
FN:17,(anonymous_0)
FN:19,(anonymous_1)
FN:20,(anonymous_2)
FN:25,(anonymous_3)
FN:28,(anonymous_4)
FN:32,(anonymous_5)
FN:33,(anonymous_6)
FNF:7
FNH:6
FNDA:1,(anonymous_0)
FNDA:1,(anonymous_1)
FNDA:1,(anonymous_2)
FNDA:1,(anonymous_3)
FNDA:1,(anonymous_4)
FNDA:1,(anonymous_5)
FNDA:0,(anonymous_6)
DA:1,1
DA:3,1
DA:10,1
DA:12,1
DA:13,1
DA:14,1
DA:15,1
DA:17,1
DA:20,1
DA:21,1
DA:22,1
DA:25,1
DA:29,1
DA:30,1
DA:31,1
DA:32,1
DA:33,0
LF:17
LH:16
BRDA:29,0,0,1
BRDA:29,0,1,0
BRDA:30,1,0,1
BRDA:30,1,1,0
BRDA:32,2,0,1
BRDA:32,2,1,0
BRDA:33,3,0,0
BRDA:33,3,1,0
BRF:8
BRH:3
end_of_record
TN:
SF:src/main/webapp/app/admin/configuration/configuration.service.ts
FN:11,(anonymous_0)
FN:13,(anonymous_1)
FN:15,(anonymous_2)
FN:18,(anonymous_3)
FN:19,(anonymous_4)
FN:25,(anonymous_5)
FN:26,(anonymous_6)
FNF:7
FNH:6
FNDA:3,(anonymous_0)
FNDA:1,(anonymous_1)
FNDA:1,(anonymous_2)
FNDA:1,(anonymous_3)
FNDA:0,(anonymous_4)
FNDA:1,(anonymous_5)
FNDA:1,(anonymous_6)
DA:1,2
DA:2,2
DA:4,2
DA:6,2
DA:10,2
DA:11,3
DA:14,1
DA:16,1
DA:18,1
DA:19,0
DA:26,1
LF:11
LH:10
BRF:0
BRH:0
end_of_record
TN:
SF:src/main/webapp/app/admin/health/health.component.html
FNF:0
FNH:0
DA:1,1
LF:1
LH:1
BRF:0
BRH:0
end_of_record
TN:
SF:src/main/webapp/app/admin/health/health.component.ts
FN:16,(anonymous_0)
FN:18,(anonymous_1)
FN:22,(anonymous_2)
FN:30,(anonymous_3)
FN:32,(anonymous_4)
FN:33,(anonymous_5)
FN:41,(anonymous_6)
FNF:7
FNH:6
FNDA:3,(anonymous_0)
FNDA:1,(anonymous_1)
FNDA:2,(anonymous_2)
FNDA:2,(anonymous_3)
FNDA:1,(anonymous_4)
FNDA:1,(anonymous_5)
FNDA:0,(anonymous_6)
DA:1,1
DA:3,1
DA:5,1
DA:7,1
DA:13,1
DA:16,3
DA:19,1
DA:23,2
DA:24,1
DA:26,1
DA:31,2
DA:32,1
DA:34,1
DA:35,1
DA:42,0
DA:43,0
LF:16
LH:14
BRDA:23,0,0,1
BRDA:23,0,1,1
BRDA:34,1,0,1
BRDA:34,1,1,0
BRF:4
BRH:3
end_of_record
TN:
SF:src/main/webapp/app/admin/health/health.service.ts
FN:10,(anonymous_0)
FN:12,(anonymous_1)
FNF:2
FNH:1
FNDA:3,(anonymous_0)
FNDA:0,(anonymous_1)
DA:1,1
DA:2,1
DA:5,1
DA:9,1
DA:10,3
DA:13,0
LF:6
LH:5
BRF:0
BRH:0
end_of_record
TN:
SF:src/main/webapp/app/admin/health/modal/health-modal.component.html
FNF:0
FNH:0
DA:1,1
LF:1
LH:1
BRF:0
BRH:0
end_of_record
TN:
SF:src/main/webapp/app/admin/health/modal/health-modal.component.ts
FN:13,(anonymous_0)
FN:15,(anonymous_1)
FN:33,(anonymous_2)
FNF:3
FNH:0
FNDA:0,(anonymous_0)
FNDA:0,(anonymous_1)
FNDA:0,(anonymous_2)
DA:1,1
DA:2,1
DA:10,1
DA:13,0
DA:16,0
DA:18,0
DA:19,0
DA:20,0
DA:22,0
DA:26,0
DA:27,0
DA:29,0
DA:34,0
LF:13
LH:3
BRDA:16,0,0,0
BRDA:16,0,1,0
BRDA:16,1,0,0
BRDA:16,1,1,0
BRDA:16,2,0,0
BRDA:16,2,1,0
BRDA:19,3,0,0
BRDA:19,3,1,0
BRDA:26,4,0,0
BRDA:26,4,1,0
BRF:10
BRH:0
end_of_record
TN:
SF:src/main/webapp/app/admin/logs/log.model.ts
FN:14,(anonymous_0)
FNF:1
FNH:1
FNDA:4,(anonymous_0)
DA:13,1
DA:14,4
LF:2
LH:2
BRF:0
BRH:0
end_of_record
TN:
SF:src/main/webapp/app/admin/logs/logs.component.html
FNF:0
FNH:0
DA:1,1
LF:1
LH:1
BRF:0
BRH:0
end_of_record
TN:
SF:src/main/webapp/app/admin/logs/logs.component.ts
FN:17,(anonymous_0)
FN:19,(anonymous_1)
FN:23,(anonymous_2)
FN:24,(anonymous_3)
FN:27,(anonymous_4)
FN:29,(anonymous_5)
FN:30,(anonymous_6)
FN:42,(anonymous_7)
FN:43,(anonymous_8)
FN:44,(anonymous_9)
FNF:10
FNH:9
FNDA:3,(anonymous_0)
FNDA:1,(anonymous_1)
FNDA:1,(anonymous_2)
FNDA:1,(anonymous_3)
FNDA:2,(anonymous_4)
FNDA:2,(anonymous_5)
FNDA:0,(anonymous_6)
FNDA:2,(anonymous_7)
FNDA:2,(anonymous_8)
FNDA:2,(anonymous_9)
DA:1,1
DA:3,1
DA:4,1
DA:10,1
DA:13,3
DA:14,3
DA:15,3
DA:17,3
DA:20,1
DA:24,1
DA:28,2
DA:29,2
DA:31,0
DA:32,0
DA:33,0
DA:34,0
DA:35,0
DA:36,0
DA:38,0
DA:43,2
DA:44,2
DA:45,2
LF:22
LH:15
BRDA:29,0,0,2
BRDA:29,0,1,0
BRDA:31,1,0,0
BRDA:31,1,1,0
BRDA:32,2,0,0
BRDA:32,2,1,0
BRDA:33,3,0,0
BRDA:33,3,1,0
BRDA:34,4,0,0
BRDA:34,4,1,0
BRDA:35,5,0,0
BRDA:35,5,1,0
BRDA:36,6,0,0
BRDA:36,6,1,0
BRF:14
BRH:1
end_of_record
TN:
SF:src/main/webapp/app/admin/logs/logs.service.ts
FN:10,(anonymous_0)
FN:12,(anonymous_1)
FN:16,(anonymous_2)
FNF:3
FNH:2
FNDA:4,(anonymous_0)
FNDA:1,(anonymous_1)
FNDA:0,(anonymous_2)
DA:1,2
DA:2,2
DA:5,2
DA:9,2
DA:10,4
DA:13,1
DA:17,0
LF:7
LH:6
BRF:0
BRH:0
end_of_record
TN:
SF:src/main/webapp/app/admin/metrics/metrics.component.html
FNF:0
FNH:0
DA:1,1
LF:1
LH:1
BRF:0
BRH:0
end_of_record
TN:
SF:src/main/webapp/app/admin/metrics/metrics.component.ts
FN:17,(anonymous_0)
FN:19,(anonymous_1)
FN:23,(anonymous_2)
FN:25,(anonymous_3)
FN:33,(anonymous_4)
FN:37,(anonymous_5)
FNF:6
FNH:3
FNDA:1,(anonymous_0)
FNDA:1,(anonymous_1)
FNDA:1,(anonymous_2)
FNDA:0,(anonymous_3)
FNDA:0,(anonymous_4)
FNDA:0,(anonymous_5)
DA:1,1
DA:2,1
DA:4,1
DA:12,1
DA:15,1
DA:17,1
DA:20,1
DA:24,1
DA:25,1
DA:26,0
DA:27,0
DA:28,0
DA:29,0
DA:34,0
DA:38,0
LF:15
LH:9
BRDA:34,0,0,0
BRDA:34,0,1,0
BRDA:34,1,0,0
BRDA:34,1,1,0
BRDA:38,2,0,0
BRDA:38,2,1,0
BRDA:38,3,0,0
BRDA:38,3,1,0
BRDA:38,4,0,0
BRDA:38,4,1,0
BRF:10
BRH:0
end_of_record
TN:
SF:src/main/webapp/app/admin/metrics/metrics.model.ts
FN:83,(anonymous_0)
FN:152,(anonymous_1)
FNF:2
FNH:2
FNDA:1,(anonymous_0)
FNDA:1,(anonymous_1)
DA:83,1
DA:84,1
DA:85,1
DA:86,1
DA:87,1
DA:88,1
DA:152,1
DA:153,1
DA:154,1
DA:155,1
DA:156,1
DA:157,1
DA:158,1
LF:13
LH:13
BRDA:83,0,0,1
BRDA:83,0,1,1
BRDA:152,1,0,1
BRDA:152,1,1,1
BRF:4
BRH:4
end_of_record
TN:
SF:src/main/webapp/app/admin/metrics/metrics.service.ts
FN:10,(anonymous_0)
FN:12,(anonymous_1)
FN:16,(anonymous_2)
FNF:3
FNH:3
FNDA:3,(anonymous_0)
FNDA:1,(anonymous_1)
FNDA:2,(anonymous_2)
DA:1,2
DA:2,2
DA:5,2
DA:9,2
DA:10,3
DA:13,1
DA:17,2
LF:7
LH:7
BRF:0
BRH:0
end_of_record
TN:
SF:src/main/webapp/app/admin/user-management/user-management.model.ts
FN:17,(anonymous_0)
FNF:1
FNH:1
FNDA:9,(anonymous_0)
DA:16,4
DA:18,9
DA:19,9
DA:20,9
DA:21,9
DA:22,9
DA:23,9
DA:24,9
DA:25,9
DA:26,9
DA:27,9
DA:28,9
DA:29,9
LF:13
LH:13
BRF:0
BRH:0
end_of_record
TN:
SF:src/main/webapp/app/admin/user-management/delete/user-management-delete-dialog.component.html
FNF:0
FNH:0
DA:1,2
LF:1
LH:1
BRF:0
BRH:0
end_of_record
TN:
SF:src/main/webapp/app/admin/user-management/delete/user-management-delete-dialog.component.ts
FN:14,(anonymous_0)
FN:16,(anonymous_1)
FN:20,(anonymous_2)
FN:21,(anonymous_3)
FNF:4
FNH:3
FNDA:1,(anonymous_0)
FNDA:0,(anonymous_1)
FNDA:1,(anonymous_2)
FNDA:1,(anonymous_3)
DA:1,2
DA:2,2
DA:5,2
DA:11,2
DA:14,1
DA:17,0
DA:21,1
DA:22,1
LF:8
LH:7
BRF:0
BRH:0
end_of_record
TN:
SF:src/main/webapp/app/admin/user-management/detail/user-management-detail.component.html
FNF:0
FNH:0
DA:1,1
LF:1
LH:1
BRF:0
BRH:0
end_of_record
TN:
SF:src/main/webapp/app/admin/user-management/detail/user-management-detail.component.ts
FN:13,(anonymous_0)
FN:15,(anonymous_1)
FN:16,(anonymous_2)
FNF:3
FNH:3
FNDA:1,(anonymous_0)
FNDA:1,(anonymous_1)
FNDA:1,(anonymous_2)
DA:1,1
DA:2,1
DA:10,1
DA:11,1
DA:13,1
DA:16,1
DA:17,1
LF:7
LH:7
BRF:0
BRH:0
end_of_record
TN:
SF:src/main/webapp/app/admin/user-management/list/user-management.component.html
FNF:0
FNH:0
DA:1,1
LF:1
LH:1
BRF:0
BRH:0
end_of_record
TN:
SF:src/main/webapp/app/admin/user-management/list/user-management.component.ts
FN:28,(anonymous_0)
FN:36,(anonymous_1)
FN:37,(anonymous_2)
FN:41,(anonymous_3)
FN:42,(anonymous_4)
FN:45,(anonymous_5)
FN:49,(anonymous_6)
FN:53,(anonymous_7)
FN:60,(anonymous_8)
FN:69,(anonymous_9)
FN:73,(anonymous_10)
FN:77,(anonymous_11)
FN:87,(anonymous_12)
FN:88,(anonymous_13)
FN:98,(anonymous_14)
FN:106,(anonymous_15)
FNF:16
FNH:11
FNDA:2,(anonymous_0)
FNDA:1,(anonymous_1)
FNDA:1,(anonymous_2)
FNDA:1,(anonymous_3)
FNDA:1,(anonymous_4)
FNDA:0,(anonymous_5)
FNDA:0,(anonymous_6)
FNDA:0,(anonymous_7)
FNDA:2,(anonymous_8)
FNDA:2,(anonymous_9)
FNDA:0,(anonymous_10)
FNDA:0,(anonymous_11)
FNDA:1,(anonymous_12)
FNDA:1,(anonymous_13)
FNDA:2,(anonymous_14)
FNDA:2,(anonymous_15)
DA:1,1
DA:3,1
DA:4,1
DA:5,1
DA:7,1
DA:8,1
DA:10,1
DA:12,1
DA:18,1
DA:19,2
DA:20,2
DA:21,2
DA:22,2
DA:23,2
DA:29,2
DA:30,2
DA:31,2
DA:32,2
DA:33,2
DA:37,1
DA:38,1
DA:42,1
DA:46,0
DA:50,0
DA:51,0
DA:53,0
DA:54,0
DA:55,0
DA:61,2
DA:62,2
DA:70,2
DA:71,2
DA:73,0
DA:78,0
DA:88,1
DA:89,1
DA:90,1
DA:91,1
DA:92,1
DA:93,1
DA:94,1
DA:99,2
DA:100,2
DA:101,1
DA:103,2
DA:107,2
DA:108,2
LF:47
LH:39
BRDA:54,0,0,0
BRDA:54,0,1,0
BRDA:82,1,0,0
BRDA:82,1,1,0
BRDA:90,2,0,1
BRDA:90,2,1,0
BRDA:91,3,0,1
BRDA:91,3,1,0
BRDA:91,4,0,1
BRDA:91,4,1,1
BRDA:99,5,0,0
BRDA:99,5,1,2
BRDA:100,6,0,1
BRDA:100,6,1,1
BRF:14
BRH:7
end_of_record
TN:
SF:src/main/webapp/app/admin/user-management/service/user-management.service.ts
FN:14,(anonymous_0)
FN:16,(anonymous_1)
FN:20,(anonymous_2)
FN:24,(anonymous_3)
FN:28,(anonymous_4)
FN:33,(anonymous_5)
FN:37,(anonymous_6)
FNF:7
FNH:3
FNDA:9,(anonymous_0)
FNDA:0,(anonymous_1)
FNDA:0,(anonymous_2)
FNDA:2,(anonymous_3)
FNDA:0,(anonymous_4)
FNDA:0,(anonymous_5)
FNDA:1,(anonymous_6)
DA:1,4
DA:2,4
DA:5,4
DA:6,4
DA:11,4
DA:12,9
DA:14,9
DA:17,0
DA:21,0
DA:25,2
DA:29,0
DA:30,0
DA:34,0
DA:38,1
LF:14
LH:9
BRF:0
BRH:0
end_of_record
TN:
SF:src/main/webapp/app/admin/user-management/update/user-management-update.component.html
FNF:0
FNH:0
DA:1,1
LF:1
LH:1
BRF:0
BRH:0
end_of_record
TN:
SF:src/main/webapp/app/admin/user-management/update/user-management-update.component.ts
FN:38,(anonymous_0)
FN:40,(anonymous_1)
FN:41,(anonymous_2)
FN:50,(anonymous_3)
FN:53,(anonymous_4)
FN:57,(anonymous_5)
FN:62,(anonymous_6)
FN:63,(anonymous_7)
FN:67,(anonymous_8)
FN:68,(anonymous_9)
FN:73,(anonymous_10)
FN:86,(anonymous_11)
FN:96,(anonymous_12)
FN:101,(anonymous_13)
FNF:14
FNH:11
FNDA:3,(anonymous_0)
FNDA:1,(anonymous_1)
FNDA:1,(anonymous_2)
FNDA:1,(anonymous_3)
FNDA:2,(anonymous_4)
FNDA:2,(anonymous_5)
FNDA:1,(anonymous_6)
FNDA:0,(anonymous_7)
FNDA:1,(anonymous_8)
FNDA:0,(anonymous_9)
FNDA:1,(anonymous_10)
FNDA:2,(anonymous_11)
FNDA:2,(anonymous_12)
FNDA:0,(anonymous_13)
DA:1,1
DA:2,1
DA:3,1
DA:5,1
DA:7,1
DA:13,1
DA:15,3
DA:16,3
DA:17,3
DA:19,3
DA:38,3
DA:41,1
DA:42,1
DA:43,1
DA:44,1
DA:45,0
DA:47,1
DA:50,1
DA:54,2
DA:58,2
DA:59,2
DA:60,2
DA:61,1
DA:62,1
DA:63,0
DA:66,1
DA:67,1
DA:68,0
DA:74,1
DA:87,2
DA:88,2
DA:89,2
DA:90,2
DA:91,2
DA:92,2
DA:93,2
DA:97,2
DA:98,2
DA:102,0
LF:39
LH:35
BRDA:42,0,0,1
BRDA:42,0,1,0
BRDA:44,1,0,0
BRDA:44,1,1,1
BRDA:60,2,0,1
BRDA:60,2,1,1
BRF:6
BRH:4
end_of_record
TN:
SF:src/main/webapp/app/config/authority.constants.ts
FN:1,(anonymous_0)
FNF:1
FNH:1
FNDA:4,(anonymous_0)
DA:1,4
DA:2,4
DA:3,4
LF:3
LH:3
BRDA:1,0,0,4
BRDA:1,0,1,4
BRF:2
BRH:2
end_of_record
TN:
SF:src/main/webapp/app/config/error.constants.ts
FNF:0
FNH:0
DA:1,1
DA:2,1
DA:3,1
LF:3
LH:3
BRF:0
BRH:0
end_of_record
TN:
SF:src/main/webapp/app/config/input.constants.ts
FNF:0
FNH:0
DA:1,5
DA:2,5
LF:2
LH:2
BRF:0
BRH:0
end_of_record
TN:
SF:src/main/webapp/app/config/language.constants.ts
FNF:0
FNH:0
DA:5,3
LF:1
LH:1
BRF:0
BRH:0
end_of_record
TN:
SF:src/main/webapp/app/config/pagination.constants.ts
FNF:0
FNH:0
DA:1,1
LF:1
LH:1
BRF:0
BRH:0
end_of_record
TN:
SF:src/main/webapp/app/config/translation.config.ts
FN:8,(anonymous_0)
FN:14,translatePartialLoader
FN:18,missingTranslationHandler
FNF:3
FNH:2
FNDA:2,(anonymous_0)
FNDA:0,translatePartialLoader
FNDA:15,missingTranslationHandler
DA:3,5
DA:5,5
DA:7,5
DA:9,2
DA:10,2
DA:14,5
DA:15,0
DA:18,5
DA:19,15
LF:9
LH:8
BRDA:15,0,0,0
BRDA:15,0,1,0
BRDA:15,1,0,0
BRDA:15,1,1,0
BRF:4
BRH:0
end_of_record
TN:
SF:src/main/webapp/app/core/auth/account.service.ts
FN:19,(anonymous_0)
FN:28,(anonymous_1)
FN:32,(anonymous_2)
FN:37,(anonymous_3)
FN:44,(anonymous_4)
FN:47,(anonymous_5)
FN:50,(anonymous_6)
FN:51,(anonymous_7)
FN:71,(anonymous_8)
FN:75,(anonymous_9)
FN:79,(anonymous_10)
FN:83,(anonymous_11)
FN:87,(anonymous_12)
FNF:13
FNH:11
FNDA:12,(anonymous_0)
FNDA:0,(anonymous_1)
FNDA:11,(anonymous_2)
FNDA:6,(anonymous_3)
FNDA:4,(anonymous_4)
FNDA:6,(anonymous_5)
FNDA:1,(anonymous_6)
FNDA:4,(anonymous_7)
FNDA:4,(anonymous_8)
FNDA:2,(anonymous_9)
FNDA:0,(anonymous_10)
FNDA:5,(anonymous_11)
FNDA:3,(anonymous_12)
DA:1,9
DA:2,9
DA:3,9
DA:4,9
DA:5,9
DA:6,9
DA:7,9
DA:9,9
DA:10,9
DA:14,9
DA:15,12
DA:16,12
DA:20,12
DA:21,12
DA:22,12
DA:23,12
DA:24,12
DA:25,12
DA:29,0
DA:33,11
DA:34,11
DA:38,6
DA:39,2
DA:41,4
DA:42,2
DA:44,4
DA:48,6
DA:49,5
DA:50,1
DA:52,4
DA:56,4
DA:57,0
DA:58,0
DA:61,4
DA:62,3
DA:68,6
DA:72,4
DA:76,2
DA:80,0
DA:84,5
DA:90,3
DA:91,3
DA:92,1
DA:93,1
LF:44
LH:40
BRDA:38,0,0,2
BRDA:38,0,1,4
BRDA:41,1,0,2
BRDA:41,1,1,2
BRDA:48,2,0,5
BRDA:48,2,1,1
BRDA:48,3,0,6
BRDA:48,3,1,2
BRDA:48,3,2,2
BRDA:56,4,0,0
BRDA:56,4,1,4
BRDA:56,5,0,1
BRDA:56,5,1,3
BRDA:56,6,0,4
BRDA:56,6,1,3
BRDA:57,7,0,0
BRDA:57,7,1,0
BRDA:57,8,0,0
BRDA:57,8,1,0
BRDA:61,9,0,3
BRDA:61,9,1,1
BRDA:80,10,0,0
BRDA:80,10,1,0
BRDA:80,11,0,0
BRDA:80,11,1,0
BRDA:80,12,0,0
BRDA:80,12,1,0
BRDA:80,13,0,0
BRDA:80,13,1,0
BRDA:91,14,0,1
BRDA:91,14,1,2
BRF:31
BRH:18
end_of_record
TN:
SF:src/main/webapp/app/core/auth/auth-jwt.service.ts
FN:16,(anonymous_0)
FN:23,(anonymous_1)
FN:29,(anonymous_2)
FN:32,(anonymous_3)
FN:35,(anonymous_4)
FN:36,(anonymous_5)
FN:43,(anonymous_6)
FNF:7
FNH:7
FNDA:6,(anonymous_0)
FNDA:3,(anonymous_1)
FNDA:2,(anonymous_2)
FNDA:2,(anonymous_3)
FNDA:1,(anonymous_4)
FNDA:1,(anonymous_5)
FNDA:2,(anonymous_6)
DA:1,3
DA:2,3
DA:3,3
DA:4,3
DA:5,3
DA:7,3
DA:15,3
DA:17,6
DA:18,6
DA:19,6
DA:20,6
DA:24,3
DA:25,3
DA:26,3
DA:30,2
DA:32,2
DA:36,1
DA:37,1
DA:38,1
DA:39,1
DA:44,2
DA:45,2
DA:46,1
DA:47,1
DA:49,1
DA:50,1
LF:26
LH:26
BRDA:26,0,0,2
BRDA:26,0,1,1
BRDA:26,1,0,3
BRDA:26,1,1,2
BRDA:26,2,0,1
BRDA:26,2,1,2
BRDA:26,3,0,3
BRDA:26,3,1,1
BRDA:45,4,0,1
BRDA:45,4,1,1
BRF:10
BRH:10
end_of_record
TN:
SF:src/main/webapp/app/core/auth/state-storage.service.ts
FN:8,(anonymous_0)
FN:10,(anonymous_1)
FN:14,(anonymous_2)
FN:18,(anonymous_3)
FNF:4
FNH:0
FNDA:0,(anonymous_0)
FNDA:0,(anonymous_1)
FNDA:0,(anonymous_2)
FNDA:0,(anonymous_3)
DA:1,9
DA:2,9
DA:5,9
DA:6,0
DA:8,0
DA:11,0
DA:15,0
DA:19,0
LF:8
LH:3
BRF:0
BRH:0
end_of_record
TN:
SF:src/main/webapp/app/core/config/application-config.service.ts
FN:6,(anonymous_0)
FN:9,(anonymous_1)
FN:13,(anonymous_2)
FNF:3
FNH:3
FNDA:99,(anonymous_0)
FNDA:2,(anonymous_1)
FNDA:67,(anonymous_2)
DA:1,36
DA:6,36
DA:7,99
DA:10,2
DA:14,67
DA:15,2
DA:17,65
LF:7
LH:7
BRDA:14,0,0,2
BRDA:14,0,1,65
BRF:2
BRH:2
end_of_record
TN:
SF:src/main/webapp/app/core/request/request-util.ts
FN:3,(anonymous_0)
FN:7,(anonymous_1)
FN:14,(anonymous_2)
FNF:3
FNH:1
FNDA:7,(anonymous_0)
FNDA:0,(anonymous_1)
FNDA:0,(anonymous_2)
DA:1,10
DA:3,10
DA:4,7
DA:6,7
DA:7,0
DA:8,0
DA:9,0
DA:13,0
DA:14,0
DA:15,0
DA:20,7
LF:11
LH:5
BRDA:6,0,0,0
BRDA:6,0,1,7
BRDA:8,1,0,0
BRDA:8,1,1,0
BRDA:13,2,0,0
BRDA:13,2,1,0
BRF:6
BRH:1
end_of_record
TN:
SF:src/main/webapp/app/core/util/alert.service.ts
FN:32,(anonymous_0)
FN:34,(anonymous_1)
FN:38,(anonymous_2)
FN:50,(anonymous_3)
FN:67,(anonymous_4)
FN:74,(anonymous_5)
FN:75,(anonymous_6)
FN:76,(anonymous_7)
FN:86,(anonymous_8)
FN:88,(anonymous_9)
FNF:10
FNH:10
FNDA:23,(anonymous_0)
FNDA:1,(anonymous_1)
FNDA:18,(anonymous_2)
FNDA:20,(anonymous_3)
FNDA:3,(anonymous_4)
FNDA:20,(anonymous_5)
FNDA:8,(anonymous_6)
FNDA:8,(anonymous_7)
FNDA:11,(anonymous_8)
FNDA:12,(anonymous_9)
DA:1,3
DA:2,3
DA:3,3
DA:4,3
DA:23,3
DA:24,23
DA:25,23
DA:26,23
DA:29,23
DA:30,23
DA:32,23
DA:35,1
DA:39,18
DA:51,20
DA:53,20
DA:54,3
DA:56,3
DA:57,1
DA:58,2
DA:59,1
DA:63,20
DA:64,20
DA:65,20
DA:66,20
DA:67,20
DA:69,20
DA:71,20
DA:74,20
DA:75,20
DA:76,8
DA:77,8
DA:83,20
DA:87,11
DA:88,12
DA:90,11
DA:91,8
LF:36
LH:36
BRDA:53,0,0,3
BRDA:53,0,1,17
BRDA:56,1,0,1
BRDA:56,1,1,2
BRDA:58,2,0,1
BRDA:58,2,1,1
BRDA:63,3,0,20
BRDA:63,3,1,0
BRDA:63,4,0,20
BRDA:63,4,1,20
BRDA:63,5,0,20
BRDA:63,5,1,0
BRDA:63,6,0,20
BRDA:63,6,1,20
BRDA:64,7,0,3
BRDA:64,7,1,17
BRDA:64,8,0,20
BRDA:64,8,1,20
BRDA:65,9,0,3
BRDA:65,9,1,17
BRDA:65,10,0,20
BRDA:65,10,1,20
BRDA:66,11,0,4
BRDA:66,11,1,16
BRDA:66,12,0,20
BRDA:66,12,1,20
BRDA:69,13,0,2
BRDA:69,13,1,18
BRDA:69,14,0,20
BRDA:69,14,1,20
BRDA:71,15,0,20
BRDA:71,15,1,0
BRDA:77,16,0,1
BRDA:77,16,1,7
BRDA:77,17,0,8
BRDA:77,17,1,8
BRDA:87,18,0,11
BRDA:87,18,1,0
BRDA:87,19,0,11
BRDA:87,19,1,11
BRDA:90,20,0,8
BRDA:90,20,1,3
BRF:42
BRH:38
end_of_record
TN:
SF:src/main/webapp/app/core/util/data-util.service.ts
FN:23,(anonymous_0)
FN:30,(anonymous_1)
FN:68,(anonymous_2)
FN:69,(anonymous_3)
FN:82,(anonymous_4)
FN:105,(anonymous_5)
FN:107,(anonymous_6)
FN:116,(anonymous_7)
FN:120,(anonymous_8)
FN:130,(anonymous_9)
FN:134,(anonymous_10)
FNF:11
FNH:5
FNDA:1,(anonymous_0)
FNDA:0,(anonymous_1)
FNDA:0,(anonymous_2)
FNDA:0,(anonymous_3)
FNDA:0,(anonymous_4)
FNDA:0,(anonymous_5)
FNDA:0,(anonymous_6)
FNDA:2,(anonymous_7)
FNDA:1,(anonymous_8)
FNDA:1,(anonymous_9)
FNDA:1,(anonymous_10)
DA:1,4
DA:2,4
DA:19,4
DA:24,1
DA:31,0
DA:33,0
DA:35,0
DA:36,0
DA:37,0
DA:38,0
DA:40,0
DA:41,0
DA:44,0
DA:47,0
DA:48,0
DA:49,0
DA:69,0
DA:70,0
DA:71,0
DA:72,0
DA:73,0
DA:74,0
DA:79,0
DA:81,0
DA:82,0
DA:83,0
DA:87,0
DA:88,0
DA:92,0
DA:97,0
DA:106,0
DA:107,0
DA:108,0
DA:109,0
DA:110,0
DA:113,0
DA:117,2
DA:121,1
DA:122,0
DA:124,1
DA:125,0
DA:127,1
DA:131,1
DA:135,1
LF:44
LH:10
BRDA:31,0,0,0
BRDA:31,0,1,0
BRDA:31,1,0,0
BRDA:31,1,1,0
BRDA:33,2,0,0
BRDA:33,2,1,0
BRDA:49,3,0,0
BRDA:49,3,1,0
BRDA:49,4,0,0
BRDA:49,4,1,0
BRDA:71,5,0,0
BRDA:71,5,1,0
BRDA:71,6,0,0
BRDA:71,6,1,0
BRDA:71,7,0,0
BRDA:71,7,1,0
BRDA:71,8,0,0
BRDA:71,8,1,0
BRDA:71,9,0,0
BRDA:71,9,1,0
BRDA:73,10,0,0
BRDA:73,10,1,0
BRDA:73,11,0,0
BRDA:73,11,1,0
BRDA:108,12,0,0
BRDA:108,12,1,0
BRDA:108,13,0,0
BRDA:108,13,1,0
BRDA:108,14,0,0
BRDA:108,14,1,0
BRDA:121,15,0,0
BRDA:121,15,1,1
BRDA:124,16,0,0
BRDA:124,16,1,1
BRF:34
BRH:2
end_of_record
TN:
SF:src/main/webapp/app/core/util/event-manager.service.ts
FN:6,(anonymous_0)
FN:19,(anonymous_1)
FN:20,(anonymous_2)
FN:28,(anonymous_3)
FN:39,(anonymous_4)
FN:45,(anonymous_5)
FN:60,(anonymous_6)
FNF:7
FNH:6
FNDA:0,(anonymous_0)
FNDA:18,(anonymous_1)
FNDA:11,(anonymous_2)
FNDA:17,(anonymous_3)
FNDA:19,(anonymous_4)
FNDA:25,(anonymous_5)
FNDA:14,(anonymous_6)
DA:1,3
DA:2,3
DA:3,3
DA:5,3
DA:6,0
DA:15,3
DA:20,18
DA:21,11
DA:29,17
DA:30,16
DA:40,19
DA:41,18
DA:43,19
DA:46,25
DA:47,27
DA:48,13
DA:51,12
DA:61,14
LF:18
LH:17
BRDA:29,0,0,16
BRDA:29,0,1,1
BRDA:40,1,0,18
BRDA:40,1,1,1
BRDA:47,2,0,13
BRDA:47,2,1,14
BRDA:47,3,0,27
BRDA:47,3,1,6
BRDA:47,3,2,25
BRDA:47,3,3,21
BRF:10
BRH:10
end_of_record
TN:
SF:src/main/webapp/app/core/util/operators.ts
FN:5,isPresent
FNF:1
FNH:1
FNDA:29,isPresent
DA:5,7
DA:6,29
LF:2
LH:2
BRDA:6,0,0,29
BRDA:6,0,1,23
BRF:2
BRH:2
end_of_record
TN:
SF:src/main/webapp/app/core/util/parse-links.service.ts
FN:13,(anonymous_0)
FN:23,(anonymous_1)
FN:35,(anonymous_2)
FNF:3
FNH:3
FNDA:4,(anonymous_0)
FNDA:4,(anonymous_1)
FNDA:6,(anonymous_2)
DA:1,1
DA:9,1
DA:14,4
DA:15,1
DA:19,3
DA:20,3
DA:23,3
DA:24,4
DA:26,4
DA:27,2
DA:30,2
DA:31,2
DA:33,2
DA:36,6
DA:37,6
DA:39,6
DA:43,2
DA:44,2
DA:45,2
DA:48,1
LF:20
LH:20
BRDA:14,0,0,1
BRDA:14,0,1,3
BRDA:26,1,0,2
BRDA:26,1,1,2
BRDA:36,2,0,6
BRDA:36,2,1,0
BRDA:39,3,0,4
BRDA:39,3,1,2
BRDA:39,4,0,6
BRDA:39,4,1,6
BRDA:43,5,0,2
BRDA:43,5,1,0
BRF:12
BRH:10
end_of_record
TN:
SF:src/main/webapp/app/entities/forms/forms.model.ts
FN:18,(anonymous_0)
FN:32,getFormsIdentifier
FNF:2
FNH:2
FNDA:8,(anonymous_0)
FNDA:15,getFormsIdentifier
DA:17,5
DA:19,8
DA:20,8
DA:21,8
DA:22,8
DA:23,8
DA:24,8
DA:25,8
DA:26,8
DA:27,8
DA:28,8
DA:32,5
DA:33,15
LF:13
LH:13
BRF:0
BRH:0
end_of_record
TN:
SF:src/main/webapp/app/entities/forms/delete/forms-delete-dialog.component.html
FNF:0
FNH:0
DA:1,2
LF:1
LH:1
BRF:0
BRH:0
end_of_record
TN:
SF:src/main/webapp/app/entities/forms/delete/forms-delete-dialog.component.ts
FN:13,(anonymous_0)
FN:15,(anonymous_1)
FN:19,(anonymous_2)
FN:20,(anonymous_3)
FNF:4
FNH:4
FNDA:2,(anonymous_0)
FNDA:1,(anonymous_1)
FNDA:1,(anonymous_2)
FNDA:1,(anonymous_3)
DA:1,2
DA:2,2
DA:5,2
DA:10,2
DA:13,2
DA:16,1
DA:20,1
DA:21,1
LF:8
LH:8
BRF:0
BRH:0
end_of_record
TN:
SF:src/main/webapp/app/entities/forms/detail/forms-detail.component.html
FNF:0
FNH:0
DA:1,1
LF:1
LH:1
BRF:0
BRH:0
end_of_record
TN:
SF:src/main/webapp/app/entities/forms/detail/forms-detail.component.ts
FN:14,(anonymous_0)
FN:16,(anonymous_1)
FN:17,(anonymous_2)
FN:22,(anonymous_3)
FN:26,(anonymous_4)
FN:30,(anonymous_5)
FNF:6
FNH:5
FNDA:3,(anonymous_0)
FNDA:1,(anonymous_1)
FNDA:1,(anonymous_2)
FNDA:1,(anonymous_3)
FNDA:1,(anonymous_4)
FNDA:0,(anonymous_5)
DA:1,1
DA:2,1
DA:5,1
DA:11,1
DA:12,3
DA:14,3
DA:17,1
DA:18,1
DA:23,1
DA:27,1
DA:31,0
LF:11
LH:10
BRF:0
BRH:0
end_of_record
TN:
SF:src/main/webapp/app/entities/forms/list/forms.component.html
FNF:0
FNH:0
DA:1,1
LF:1
LH:1
BRF:0
BRH:0
end_of_record
TN:
SF:src/main/webapp/app/entities/forms/list/forms.component.ts
FN:18,(anonymous_0)
FN:20,(anonymous_1)
FN:24,(anonymous_2)
FN:28,(anonymous_3)
FN:34,(anonymous_4)
FN:38,(anonymous_5)
FN:42,(anonymous_6)
FN:46,(anonymous_7)
FN:50,(anonymous_8)
FN:54,(anonymous_9)
FNF:10
FNH:4
FNDA:1,(anonymous_0)
FNDA:1,(anonymous_1)
FNDA:1,(anonymous_2)
FNDA:0,(anonymous_3)
FNDA:1,(anonymous_4)
FNDA:0,(anonymous_5)
FNDA:0,(anonymous_6)
FNDA:0,(anonymous_7)
FNDA:0,(anonymous_8)
FNDA:0,(anonymous_9)
DA:1,1
DA:3,1
DA:6,1
DA:7,1
DA:8,1
DA:14,1
DA:16,1
DA:18,1
DA:21,1
DA:23,1
DA:25,1
DA:26,1
DA:29,0
DA:35,1
DA:39,0
DA:43,0
DA:47,0
DA:51,0
DA:52,0
DA:54,0
DA:55,0
DA:56,0
LF:22
LH:13
BRDA:26,0,0,1
BRDA:26,0,1,0
BRDA:26,1,0,1
BRDA:26,1,1,1
BRDA:55,2,0,0
BRDA:55,2,1,0
BRF:6
BRH:3
end_of_record
TN:
SF:src/main/webapp/app/entities/forms/route/forms-routing-resolve.service.ts
FN:12,(anonymous_0)
FN:14,(anonymous_1)
FN:18,(anonymous_2)
FNF:3
FNH:3
FNDA:3,(anonymous_0)
FNDA:3,(anonymous_1)
FNDA:2,(anonymous_2)
DA:1,1
DA:3,1
DA:4,1
DA:5,1
DA:7,1
DA:8,1
DA:11,1
DA:12,3
DA:15,3
DA:16,3
DA:17,2
DA:19,2
DA:20,1
DA:22,1
DA:23,1
DA:28,1
LF:16
LH:16
BRDA:16,0,0,2
BRDA:16,0,1,1
BRDA:19,1,0,1
BRDA:19,1,1,1
BRF:4
BRH:4
end_of_record
TN:
SF:src/main/webapp/app/entities/forms/service/forms.service.ts
FN:20,(anonymous_0)
FN:22,(anonymous_1)
FN:26,(anonymous_2)
FN:29,(anonymous_3)
FN:33,(anonymous_4)
FN:36,(anonymous_5)
FN:40,(anonymous_6)
FN:43,(anonymous_7)
FN:46,(anonymous_8)
FN:49,(anonymous_9)
FN:53,(anonymous_10)
FN:56,(anonymous_11)
FN:60,(anonymous_12)
FN:63,(anonymous_13)
FN:64,(anonymous_14)
FN:77,(anonymous_15)
FN:83,(anonymous_16)
FN:90,(anonymous_17)
FN:92,(anonymous_18)
FNF:19
FNH:19
FNDA:24,(anonymous_0)
FNDA:1,(anonymous_1)
FNDA:1,(anonymous_2)
FNDA:1,(anonymous_3)
FNDA:1,(anonymous_4)
FNDA:1,(anonymous_5)
FNDA:1,(anonymous_6)
FNDA:1,(anonymous_7)
FNDA:1,(anonymous_8)
FNDA:1,(anonymous_9)
FNDA:1,(anonymous_10)
FNDA:1,(anonymous_11)
FNDA:6,(anonymous_12)
FNDA:4,(anonymous_13)
FNDA:9,(anonymous_14)
FNDA:3,(anonymous_15)
FNDA:4,(anonymous_16)
FNDA:1,(anonymous_17)
FNDA:1,(anonymous_18)
DA:1,5
DA:2,5
DA:4,5
DA:5,5
DA:7,5
DA:8,5
DA:9,5
DA:10,5
DA:11,5
DA:17,5
DA:18,24
DA:20,24
DA:23,1
DA:24,1
DA:26,1
DA:30,1
DA:31,1
DA:33,1
DA:37,1
DA:38,1
DA:40,1
DA:44,1
DA:46,1
DA:50,1
DA:51,1
DA:53,1
DA:57,1
DA:61,6
DA:62,6
DA:63,6
DA:64,6
DA:65,9
DA:66,9
DA:67,2
DA:69,7
DA:70,7
DA:72,6
DA:74,0
DA:78,3
DA:84,4
DA:85,4
DA:87,4
DA:91,1
DA:92,1
DA:93,1
DA:96,1
LF:46
LH:45
BRDA:62,0,0,6
BRDA:62,0,1,0
BRDA:66,1,0,2
BRDA:66,1,1,7
BRDA:66,2,0,9
BRDA:66,2,1,9
BRDA:79,3,0,2
BRDA:79,3,1,1
BRDA:79,4,0,1
BRDA:79,4,1,2
BRDA:79,5,0,3
BRDA:79,5,1,3
BRDA:84,6,0,4
BRDA:84,6,1,0
BRDA:85,7,0,4
BRDA:85,7,1,0
BRDA:91,8,0,1
BRDA:91,8,1,0
BRDA:93,9,0,1
BRDA:93,9,1,0
BRF:20
BRH:15
end_of_record
TN:
SF:src/main/webapp/app/entities/forms/update/forms-update.component.html
FNF:0
FNH:0
DA:1,1
LF:1
LH:1
BRF:0
BRH:0
end_of_record
TN:
SF:src/main/webapp/app/entities/forms/update/forms-update.component.ts
FN:38,(anonymous_0)
FN:48,(anonymous_1)
FN:49,(anonymous_2)
FN:56,(anonymous_3)
FN:60,(anonymous_4)
FN:64,(anonymous_5)
FN:66,(anonymous_6)
FN:73,(anonymous_7)
FN:83,(anonymous_8)
FN:87,(anonymous_9)
FN:97,(anonymous_10)
FN:101,(anonymous_11)
FN:102,(anonymous_12)
FN:103,(anonymous_13)
FN:104,(anonymous_14)
FN:108,(anonymous_15)
FN:112,(anonymous_16)
FN:116,(anonymous_17)
FN:120,(anonymous_18)
FN:137,(anonymous_19)
FN:140,(anonymous_20)
FN:141,(anonymous_21)
FN:142,(anonymous_22)
FN:145,(anonymous_23)
FNF:24
FNH:18
FNDA:6,(anonymous_0)
FNDA:5,(anonymous_1)
FNDA:5,(anonymous_2)
FNDA:0,(anonymous_3)
FNDA:0,(anonymous_4)
FNDA:0,(anonymous_5)
FNDA:0,(anonymous_6)
FNDA:0,(anonymous_7)
FNDA:0,(anonymous_8)
FNDA:3,(anonymous_9)
FNDA:1,(anonymous_10)
FNDA:3,(anonymous_11)
FNDA:3,(anonymous_12)
FNDA:2,(anonymous_13)
FNDA:1,(anonymous_14)
FNDA:2,(anonymous_15)
FNDA:1,(anonymous_16)
FNDA:3,(anonymous_17)
FNDA:5,(anonymous_18)
FNDA:5,(anonymous_19)
FNDA:1,(anonymous_20)
FNDA:1,(anonymous_21)
FNDA:1,(anonymous_22)
FNDA:3,(anonymous_23)
DA:1,1
DA:3,1
DA:4,1
DA:6,1
DA:8,1
DA:9,1
DA:11,1
DA:12,1
DA:14,1
DA:20,1
DA:21,6
DA:23,6
DA:25,6
DA:39,6
DA:40,6
DA:41,6
DA:42,6
DA:43,6
DA:44,6
DA:45,6
DA:49,5
DA:50,5
DA:52,5
DA:57,0
DA:61,0
DA:65,0
DA:67,0
DA:74,0
DA:78,0
DA:79,0
DA:84,0
DA:88,3
DA:89,3
DA:90,3
DA:91,2
DA:93,1
DA:98,1
DA:102,3
DA:103,2
DA:104,1
DA:109,2
DA:117,3
DA:121,5
DA:134,5
DA:138,5
DA:140,1
DA:141,1
DA:142,1
DA:146,3
LF:49
LH:41
BRDA:78,0,0,0
BRDA:78,0,1,0
BRDA:78,1,0,0
BRDA:78,1,1,0
BRDA:90,2,0,2
BRDA:90,2,1,1
BRDA:140,3,0,1
BRDA:140,3,1,0
BRDA:140,4,0,1
BRDA:140,4,1,1
BRF:10
BRH:5
end_of_record
TN:
SF:src/main/webapp/app/entities/user/user.model.ts
FN:7,(anonymous_0)
FN:10,getUserIdentifier
FNF:2
FNH:2
FNDA:1,(anonymous_0)
FNDA:14,getUserIdentifier
DA:6,2
DA:7,1
DA:10,2
DA:11,14
LF:4
LH:4
BRF:0
BRH:0
end_of_record
TN:
SF:src/main/webapp/app/entities/user/user.service.ts
FN:15,(anonymous_0)
FN:17,(anonymous_1)
FN:22,(anonymous_2)
FN:25,(anonymous_3)
FN:26,(anonymous_4)
FNF:5
FNH:5
FNDA:14,(anonymous_0)
FNDA:6,(anonymous_1)
FNDA:10,(anonymous_2)
FNDA:4,(anonymous_3)
FNDA:10,(anonymous_4)
DA:1,2
DA:2,2
DA:5,2
DA:6,2
DA:7,2
DA:9,2
DA:12,2
DA:13,14
DA:15,14
DA:18,6
DA:19,6
DA:23,10
DA:24,10
DA:25,7
DA:26,7
DA:27,10
DA:28,10
DA:29,2
DA:31,8
DA:32,8
DA:34,7
DA:36,3
LF:22
LH:22
BRDA:24,0,0,7
BRDA:24,0,1,3
BRDA:28,1,0,2
BRDA:28,1,1,8
BRDA:28,2,0,10
BRDA:28,2,1,10
BRF:6
BRH:6
end_of_record
TN:
SF:src/main/webapp/app/home/home.component.html
FNF:0
FNH:0
DA:1,1
LF:1
LH:1
BRF:0
BRH:0
end_of_record
TN:
SF:src/main/webapp/app/home/home.component.ts
FN:17,(anonymous_0)
FN:19,(anonymous_1)
FN:20,(anonymous_2)
FN:23,(anonymous_3)
FN:27,(anonymous_4)
FN:31,(anonymous_5)
FNF:6
FNH:6
FNDA:3,(anonymous_0)
FNDA:1,(anonymous_1)
FNDA:1,(anonymous_2)
FNDA:1,(anonymous_3)
FNDA:1,(anonymous_4)
FNDA:2,(anonymous_5)
DA:1,1
DA:2,1
DA:5,1
DA:13,1
DA:14,3
DA:17,3
DA:20,1
DA:24,1
DA:28,1
DA:32,2
DA:33,1
LF:11
LH:11
BRDA:32,0,0,1
BRDA:32,0,1,1
BRF:2
BRH:2
end_of_record
TN:
SF:src/main/webapp/app/layouts/main/main.component.html
FNF:0
FNH:0
DA:1,1
LF:1
LH:1
BRF:0
BRH:0
end_of_record
TN:
SF:src/main/webapp/app/layouts/main/main.component.ts
FN:16,(anonymous_0)
FN:26,(anonymous_1)
FN:30,(anonymous_2)
FN:39,(anonymous_3)
FN:46,(anonymous_4)
FN:54,(anonymous_5)
FN:59,(anonymous_6)
FNF:7
FNH:7
FNDA:8,(anonymous_0)
FNDA:8,(anonymous_1)
FNDA:10,(anonymous_2)
FNDA:4,(anonymous_3)
FNDA:23,(anonymous_4)
FNDA:14,(anonymous_5)
FNDA:14,(anonymous_6)
DA:1,1
DA:2,1
DA:3,1
DA:4,1
DA:5,1
DA:7,1
DA:13,1
DA:17,8
DA:18,8
DA:19,8
DA:20,8
DA:23,8
DA:28,8
DA:30,8
DA:31,10
DA:32,10
DA:34,10
DA:35,0
DA:39,8
DA:40,4
DA:41,4
DA:42,4
DA:47,23
DA:48,23
DA:49,9
DA:51,23
DA:55,14
DA:56,14
DA:57,2
DA:59,14
LF:30
LH:29
BRDA:31,0,0,10
BRDA:31,0,1,0
BRDA:34,1,0,0
BRDA:34,1,1,10
BRDA:34,2,0,10
BRDA:34,2,1,0
BRDA:47,3,0,16
BRDA:47,3,1,7
BRDA:47,4,0,23
BRDA:47,4,1,23
BRDA:48,5,0,9
BRDA:48,5,1,14
BRDA:49,6,0,9
BRDA:49,6,1,5
BRDA:56,7,0,2
BRDA:56,7,1,12
BRF:16
BRH:13
end_of_record
TN:
SF:src/main/webapp/app/layouts/navbar/navbar.component.html
FNF:0
FNH:0
DA:1,1
LF:1
LH:1
BRF:0
BRH:0
end_of_record
TN:
SF:src/main/webapp/app/layouts/navbar/navbar.component.ts
FN:24,(anonymous_0)
FN:37,(anonymous_1)
FN:38,(anonymous_2)
FN:44,(anonymous_3)
FN:49,(anonymous_4)
FN:53,(anonymous_5)
FN:57,(anonymous_6)
FN:61,(anonymous_7)
FN:67,(anonymous_8)
FN:71,(anonymous_9)
FNF:10
FNH:4
FNDA:2,(anonymous_0)
FNDA:1,(anonymous_1)
FNDA:1,(anonymous_2)
FNDA:0,(anonymous_3)
FNDA:0,(anonymous_4)
FNDA:1,(anonymous_5)
FNDA:0,(anonymous_6)
FNDA:0,(anonymous_7)
FNDA:0,(anonymous_8)
FNDA:0,(anonymous_9)
DA:1,1
DA:2,1
DA:3,1
DA:4,1
DA:6,1
DA:7,1
DA:8,1
DA:9,1
DA:10,1
DA:17,1
DA:19,2
DA:20,2
DA:22,2
DA:25,2
DA:26,2
DA:27,2
DA:28,2
DA:29,2
DA:30,2
DA:32,2
DA:33,0
DA:38,1
DA:39,1
DA:40,1
DA:45,0
DA:46,0
DA:50,0
DA:54,1
DA:58,0
DA:62,0
DA:63,0
DA:64,0
DA:68,0
DA:72,0
LF:34
LH:24
BRDA:32,0,0,0
BRDA:32,0,1,2
BRDA:33,1,0,0
BRDA:33,1,1,0
BRDA:72,2,0,0
BRDA:72,2,1,0
BRF:6
BRH:1
end_of_record
TN:
SF:src/main/webapp/app/layouts/profiles/profile-info.model.ts
FN:9,(anonymous_0)
FNF:1
FNH:1
FNDA:1,(anonymous_0)
DA:8,1
DA:10,1
DA:11,1
DA:12,1
DA:13,1
LF:5
LH:5
BRF:0
BRH:0
end_of_record
TN:
SF:src/main/webapp/app/layouts/profiles/profile.service.ts
FN:14,(anonymous_0)
FN:16,(anonymous_1)
FN:22,(anonymous_2)
FN:30,(anonymous_3)
FNF:4
FNH:1
FNDA:2,(anonymous_0)
FNDA:0,(anonymous_1)
FNDA:0,(anonymous_2)
FNDA:0,(anonymous_3)
DA:1,1
DA:2,1
DA:3,1
DA:6,1
DA:10,1
DA:11,2
DA:14,2
DA:17,0
DA:18,0
DA:21,0
DA:23,0
DA:28,0
DA:29,0
DA:30,0
DA:31,0
DA:32,0
DA:35,0
DA:39,0
LF:18
LH:7
BRDA:17,0,0,0
BRDA:17,0,1,0
BRDA:25,1,0,0
BRDA:25,1,1,0
BRDA:25,2,0,0
BRDA:25,2,1,0
BRDA:26,3,0,0
BRDA:26,3,1,0
BRDA:26,4,0,0
BRDA:26,4,1,0
BRDA:28,5,0,0
BRDA:28,5,1,0
BRDA:28,6,0,0
BRDA:28,6,1,0
BRDA:30,7,0,0
BRDA:30,7,1,0
BRDA:30,8,0,0
BRDA:30,8,1,0
BRDA:31,9,0,0
BRDA:31,9,1,0
BRF:20
BRH:0
end_of_record
TN:
SF:src/main/webapp/app/login/login.component.html
FNF:0
FNH:0
DA:1,1
LF:1
LH:1
BRF:0
BRH:0
end_of_record
TN:
SF:src/main/webapp/app/login/login.component.ts
FN:23,(anonymous_0)
FN:30,(anonymous_1)
FN:32,(anonymous_2)
FN:39,(anonymous_3)
FN:45,(anonymous_4)
FN:53,(anonymous_5)
FN:60,(anonymous_6)
FNF:7
FNH:5
FNDA:4,(anonymous_0)
FNDA:3,(anonymous_1)
FNDA:3,(anonymous_2)
FNDA:0,(anonymous_3)
FNDA:1,(anonymous_4)
FNDA:1,(anonymous_5)
FNDA:0,(anonymous_6)
DA:1,1
DA:2,1
DA:3,1
DA:4,1
DA:5,1
DA:11,1
DA:13,1
DA:15,4
DA:17,4
DA:24,4
DA:25,4
DA:26,4
DA:27,4
DA:32,3
DA:33,3
DA:34,1
DA:40,0
DA:41,0
DA:46,1
DA:54,1
DA:55,1
DA:57,1
DA:60,0
LF:23
LH:20
BRDA:33,0,0,1
BRDA:33,0,1,2
BRDA:40,1,0,0
BRDA:40,1,1,0
BRDA:55,2,0,1
BRDA:55,2,1,0
BRF:6
BRH:3
end_of_record
TN:
SF:src/main/webapp/app/login/login.service.ts
FN:12,(anonymous_0)
FN:14,(anonymous_1)
FN:15,(anonymous_2)
FN:18,(anonymous_3)
FN:19,(anonymous_4)
FNF:5
FNH:0
FNDA:0,(anonymous_0)
FNDA:0,(anonymous_1)
FNDA:0,(anonymous_2)
FNDA:0,(anonymous_3)
FNDA:0,(anonymous_4)
DA:1,2
DA:3,2
DA:6,2
DA:7,2
DA:11,2
DA:12,0
DA:15,0
DA:19,0
LF:8
LH:5
BRF:0
BRH:0
end_of_record
TN:
SF:src/main/webapp/app/shared/alert/alert-error.component.html
FNF:0
FNH:0
DA:1,1
LF:1
LH:1
BRF:0
BRH:0
end_of_record
TN:
SF:src/main/webapp/app/shared/alert/alert-error.component.ts
FN:19,(anonymous_0)
FN:20,(anonymous_1)
FN:25,(anonymous_2)
FN:88,(anonymous_3)
FN:96,(anonymous_4)
FN:101,(anonymous_5)
FN:105,(anonymous_6)
FNF:7
FNH:4
FNDA:8,(anonymous_0)
FNDA:0,(anonymous_1)
FNDA:9,(anonymous_2)
FNDA:0,(anonymous_3)
FNDA:7,(anonymous_4)
FNDA:0,(anonymous_5)
FNDA:9,(anonymous_6)
DA:1,1
DA:4,1
DA:7,1
DA:8,1
DA:14,1
DA:15,8
DA:19,8
DA:20,8
DA:21,0
DA:22,0
DA:25,8
DA:26,9
DA:27,9
DA:30,1
DA:31,1
DA:34,4
DA:35,4
DA:36,4
DA:37,4
DA:38,2
DA:39,1
DA:40,1
DA:41,1
DA:44,4
DA:45,1
DA:46,1
DA:47,3
DA:48,1
DA:49,1
DA:50,1
DA:51,1
DA:54,1
DA:55,1
DA:56,1
DA:58,2
DA:59,1
DA:65,1
DA:67,4
DA:71,1
DA:72,1
DA:75,3
DA:76,2
DA:82,1
DA:89,0
DA:90,0
DA:91,0
DA:93,0
DA:97,7
DA:98,7
DA:102,0
DA:106,9
LF:51
LH:44
BRDA:29,0,0,1
BRDA:29,0,1,4
BRDA:29,0,2,1
BRDA:29,0,3,3
BRDA:38,1,0,1
BRDA:38,1,1,1
BRDA:40,2,0,1
BRDA:40,2,1,0
BRDA:44,3,0,1
BRDA:44,3,1,3
BRDA:45,4,0,1
BRDA:45,4,1,0
BRDA:47,5,0,1
BRDA:47,5,1,2
BRDA:47,6,0,3
BRDA:47,6,1,3
BRDA:50,7,0,1
BRDA:50,7,1,0
BRDA:58,8,0,1
BRDA:58,8,1,1
BRDA:58,9,0,2
BRDA:58,9,1,2
BRDA:60,10,0,0
BRDA:60,10,1,1
BRDA:59,11,0,1
BRDA:59,11,1,1
BRDA:75,12,0,2
BRDA:75,12,1,1
BRDA:75,13,0,3
BRDA:75,13,1,3
BRDA:77,14,0,1
BRDA:77,14,1,1
BRDA:76,15,0,2
BRDA:76,15,1,2
BRDA:90,16,0,0
BRDA:90,16,1,0
BRDA:102,17,0,0
BRDA:102,17,1,0
BRDA:102,18,0,0
BRDA:102,18,1,0
BRF:40
BRH:30
end_of_record
TN:
SF:src/main/webapp/app/shared/alert/alert.component.html
FNF:0
FNH:0
DA:1,1
LF:1
LH:1
BRF:0
BRH:0
end_of_record
TN:
SF:src/main/webapp/app/shared/alert/alert.component.ts
FN:12,(anonymous_0)
FN:14,(anonymous_1)
FN:18,(anonymous_2)
FN:26,(anonymous_3)
FN:30,(anonymous_4)
FNF:5
FNH:3
FNDA:2,(anonymous_0)
FNDA:1,(anonymous_1)
FNDA:0,(anonymous_2)
FNDA:2,(anonymous_3)
FNDA:0,(anonymous_4)
DA:1,1
DA:3,1
DA:9,1
DA:10,2
DA:12,2
DA:15,1
DA:19,0
DA:20,0
DA:21,0
DA:23,0
DA:27,2
DA:31,0
LF:12
LH:7
BRDA:20,0,0,0
BRDA:20,0,1,0
BRDA:31,1,0,0
BRDA:31,1,1,0
BRDA:31,2,0,0
BRDA:31,2,1,0
BRF:6
BRH:0
end_of_record
TN:
SF:src/main/webapp/app/shared/auth/has-any-authority.directive.ts
FN:26,(anonymous_0)
FN:29,(anonymous_1)
FN:36,(anonymous_2)
FN:41,(anonymous_3)
FN:46,(anonymous_4)
FNF:5
FNH:5
FNDA:4,(anonymous_0)
FNDA:4,(anonymous_1)
FNDA:3,(anonymous_2)
FNDA:4,(anonymous_3)
FNDA:7,(anonymous_4)
DA:1,1
DA:2,1
DA:3,1
DA:5,1
DA:21,1
DA:24,4
DA:26,4
DA:29,1
DA:30,4
DA:31,4
DA:33,4
DA:37,3
DA:42,4
DA:43,4
DA:47,7
DA:48,7
DA:49,7
DA:50,5
LF:18
LH:18
BRDA:49,0,0,5
BRDA:49,0,1,2
BRF:2
BRH:2
end_of_record
TN:
SF:src/main/webapp/app/shared/date/format-medium-date.pipe.ts
FN:9,(anonymous_0)
FNF:1
FNH:1
FNDA:3,(anonymous_0)
DA:1,1
DA:8,1
DA:10,3
LF:3
LH:3
BRDA:10,0,0,1
BRDA:10,0,1,2
BRF:2
BRH:2
end_of_record
TN:
SF:src/main/webapp/app/shared/date/format-medium-datetime.pipe.ts
FN:9,(anonymous_0)
FNF:1
FNH:1
FNDA:3,(anonymous_0)
DA:1,1
DA:8,1
DA:10,3
LF:3
LH:3
BRDA:10,0,0,1
BRDA:10,0,1,2
BRF:2
BRH:2
end_of_record
TN:
SF:src/main/webapp/app/shared/language/translate.directive.ts
FN:20,(anonymous_0)
FN:22,(anonymous_1)
FN:23,(anonymous_2)
FN:28,(anonymous_3)
FN:32,(anonymous_4)
FN:37,(anonymous_5)
FN:42,(anonymous_6)
FN:45,(anonymous_7)
FNF:8
FNH:6
FNDA:3,(anonymous_0)
FNDA:1,(anonymous_1)
FNDA:0,(anonymous_2)
FNDA:1,(anonymous_3)
FNDA:1,(anonymous_4)
FNDA:1,(anonymous_5)
FNDA:1,(anonymous_6)
FNDA:0,(anonymous_7)
DA:1,2
DA:2,2
DA:3,2
DA:4,2
DA:6,2
DA:14,2
DA:15,2
DA:16,2
DA:18,3
DA:20,3
DA:23,1
DA:24,0
DA:29,1
DA:33,1
DA:34,1
DA:38,1
DA:43,1
DA:45,0
LF:18
LH:16
BRF:0
BRH:0
end_of_record
TN:
SF:src/main/webapp/app/shared/pagination/item-count.component.ts
FN:17,(anonymous_0)
FNF:1
FNH:1
FNDA:2,(anonymous_0)
DA:1,1
DA:10,1
DA:17,1
DA:18,2
DA:19,2
DA:20,2
DA:22,0
DA:23,0
DA:25,2
LF:9
LH:7
BRDA:18,0,0,2
BRDA:18,0,1,0
BRDA:18,1,0,2
BRDA:18,1,1,2
BRDA:18,1,2,2
BRDA:19,2,0,1
BRDA:19,2,1,1
BRDA:20,3,0,2
BRDA:20,3,1,0
BRF:9
BRH:7
end_of_record
TN:
SF:src/main/webapp/app/shared/sort/sort-by.directive.ts
FN:24,(anonymous_0)
FN:25,(anonymous_1)
FN:26,(anonymous_2)
FN:30,(anonymous_3)
FN:34,(anonymous_4)
FN:38,(anonymous_5)
FN:43,(anonymous_6)
FNF:7
FNH:7
FNDA:6,(anonymous_0)
FNDA:12,(anonymous_1)
FNDA:15,(anonymous_2)
FNDA:4,(anonymous_3)
FNDA:6,(anonymous_4)
FNDA:5,(anonymous_5)
FNDA:33,(anonymous_6)
DA:1,1
DA:2,1
DA:3,1
DA:4,1
DA:5,1
DA:7,1
DA:12,1
DA:13,1
DA:16,1
DA:18,6
DA:19,6
DA:20,6
DA:22,6
DA:24,6
DA:25,12
DA:26,15
DA:30,1
DA:31,4
DA:35,6
DA:39,5
DA:40,5
DA:44,33
DA:45,33
DA:46,33
DA:47,18
DA:49,33
DA:50,33
LF:27
LH:27
BRDA:44,0,0,33
BRDA:44,0,1,0
BRDA:46,1,0,18
BRDA:46,1,1,15
BRDA:47,2,0,8
BRDA:47,2,1,10
BRF:6
BRH:5
end_of_record
TN:
SF:src/main/webapp/app/shared/sort/sort.directive.ts
FN:6,(anonymous_0)
FN:8,(anonymous_1)
FN:11,(anonymous_2)
FN:17,(anonymous_3)
FN:20,(anonymous_4)
FN:33,(anonymous_5)
FNF:6
FNH:6
FNDA:9,(anonymous_0)
FNDA:50,(anonymous_1)
FNDA:17,(anonymous_2)
FNDA:30,(anonymous_3)
FNDA:20,(anonymous_4)
FNDA:9,(anonymous_5)
DA:1,2
DA:6,2
DA:8,2
DA:9,50
DA:12,17
DA:13,17
DA:17,2
DA:18,30
DA:21,20
DA:22,20
DA:25,2
DA:27,9
DA:28,9
DA:34,9
DA:35,8
DA:36,8
DA:37,8
DA:38,8
DA:39,8
LF:19
LH:19
BRDA:34,0,0,8
BRDA:34,0,1,1
BRDA:35,1,0,4
BRDA:35,1,1,4
BRDA:39,2,0,0
BRDA:39,2,1,8
BRDA:39,3,0,8
BRDA:39,3,1,8
BRF:8
BRH:7
end_of_record
