<?xml version="1.0" encoding="UTF-8"?>
<testsuite xmlns:xsi="http://www.w3.org/2001/XMLSchema-instance" xsi:noNamespaceSchemaLocation="https://maven.apache.org/surefire/maven-failsafe-plugin/xsd/failsafe-test-report-3.0.xsd" version="3.0" name="com.mycompany.myapp.web.rest.UserResourceIT" time="0.51" tests="16" errors="0" skipped="0" failures="0">
  <properties>
[...]
</properties>
  <testcase name="createUserWithExistingEmail" classname="com.mycompany.myapp.web.rest.UserResourceIT" time="0.039">
    <system-out><![CDATA[2021-05-09 02:22:46.153 ERROR 62143 --- [           main] tech.jhipster.web.util.HeaderUtil        : Entity processing failed, Email is already in use!
2021-05-09 02:22:46.154  WARN 62143 --- [           main] o.z.problem.spring.common.AdviceTraits   : Bad Request: Email is already in use!
]]></system-out>
  </testcase>
  <testcase name="createUserWithExistingLogin" classname="com.mycompany.myapp.web.rest.UserResourceIT" time="0.028">
    <system-out><![CDATA[2021-05-09 02:22:46.184 ERROR 62143 --- [           main] tech.jhipster.web.util.HeaderUtil        : Entity processing failed, Login name already used!
2021-05-09 02:22:46.184  WARN 62143 --- [           main] o.z.problem.spring.common.AdviceTraits   : Bad Request: Login name already used!
]]></system-out>
  </testcase>
  <testcase name="getAllUsers" classname="com.mycompany.myapp.web.rest.UserResourceIT" time="0.027"/>
  <testcase name="updateUser" classname="com.mycompany.myapp.web.rest.UserResourceIT" time="0.037"/>
  <testcase name="getUser" classname="com.mycompany.myapp.web.rest.UserResourceIT" time="0.022"/>
  <testcase name="createUserWithExistingId" classname="com.mycompany.myapp.web.rest.UserResourceIT" time="0.017">
    <system-out><![CDATA[2021-05-09 02:22:46.291 ERROR 62143 --- [           main] tech.jhipster.web.util.HeaderUtil        : Entity processing failed, A new user cannot already have an ID
2021-05-09 02:22:46.291  WARN 62143 --- [           main] o.z.problem.spring.common.AdviceTraits   : Bad Request: A new user cannot already have an ID
]]></system-out>
  </testcase>
  <testcase name="testUserDTOtoUser" classname="com.mycompany.myapp.web.rest.UserResourceIT" time="0.027"/>
  <testcase name="testUserEquals" classname="com.mycompany.myapp.web.rest.UserResourceIT" time="0.024"/>
  <testcase name="getNonExistingUser" classname="com.mycompany.myapp.web.rest.UserResourceIT" time="0.013">
    <system-out><![CDATA[2021-05-09 02:22:46.361  WARN 62143 --- [           main] o.z.problem.spring.common.AdviceTraits   : Not Found: 404 NOT_FOUND
]]></system-out>
  </testcase>
  <testcase name="testAuthorityEquals" classname="com.mycompany.myapp.web.rest.UserResourceIT" time="0.006"/>
  <testcase name="updateUserExistingEmail" classname="com.mycompany.myapp.web.rest.UserResourceIT" time="0.024">
    <system-out><![CDATA[2021-05-09 02:22:46.393 ERROR 62143 --- [           main] tech.jhipster.web.util.HeaderUtil        : Entity processing failed, Email is already in use!
2021-05-09 02:22:46.393  WARN 62143 --- [           main] o.z.problem.spring.common.AdviceTraits   : Bad Request: Email is already in use!
]]></system-out>
  </testcase>
  <testcase name="updateUserExistingLogin" classname="com.mycompany.myapp.web.rest.UserResourceIT" time="0.027">
    <system-out><![CDATA[2021-05-09 02:22:46.420 ERROR 62143 --- [           main] tech.jhipster.web.util.HeaderUtil        : Entity processing failed, Login name already used!
2021-05-09 02:22:46.420  WARN 62143 --- [           main] o.z.problem.spring.common.AdviceTraits   : Bad Request: Login name already used!
]]></system-out>
  </testcase>
  <testcase name="createUser" classname="com.mycompany.myapp.web.rest.UserResourceIT" time="0.115"/>
  <testcase name="updateUserLogin" classname="com.mycompany.myapp.web.rest.UserResourceIT" time="0.024"/>
  <testcase name="deleteUser" classname="com.mycompany.myapp.web.rest.UserResourceIT" time="0.02"/>
  <testcase name="testUserToUserDTO" classname="com.mycompany.myapp.web.rest.UserResourceIT" time="0.033"/>
</testsuite>